=========================================================
=========================================================

=========================================================
|                                                       |
|     Exercice 2 :  BD GESCOMI avec SQL 2               |
|     Enrichissement du schï¿½ma d une BD :               |
|                                                       |
=========================================================


=========================================================
Ceci permet d initialiser le type de la date
=========================================================

Session modifié(e).

=========================================================
Destruction des tables de la bd GESCOMI EN SQL 2
=========================================================


Table DETAILCOM supprimé(e).


Table ARTICLES supprimé(e).


Table COMMANDES supprimé(e).


Table CLIENTS supprimé(e).



=========================================================
Crï¿½ation des tables de la bd GESCOMI EN SQL 2
=========================================================

=========================================================
>> Table : CLIENTS
=========================================================


Table CLIENTS créé(e).



=========================================================
>> Table : COMMANDES
=========================================================


Table COMMANDES créé(e).



=========================================================
>> Table : ARTICLES
=========================================================


Table ARTICLES créé(e).



=========================================================
>> Table : DETAILCOM
=========================================================


Table DETAILCOM créé(e).



=====================================================================
|                                                                   |
|      Historique des mouvements des articles                       |
|                                                                   |
=====================================================================



=========================================================
Il est nï¿½cessaire de crï¿½er une table qui permet
de garder le prix des articles avant leurs mises ï¿½ jour.
C est une table qui aura comme colonnes la rï¿½fï¿½rence, le nom, le prix
d achat, le prix de vente (prix catalogue) de l article avant la mise
ï¿½ jour et la date de la mise ï¿½ jour.
=========================================================


=====================================================================
Il est nï¿½cessaire de crï¿½er une table HISTORIQUE_MVTS_ARTICLES.
=====================================================================


Table HISTORIQUE_MVTS_ARTICLES supprimé(e).


Table HISTORIQUE_MVTS_ARTICLES créé(e).



=====================================================================
>> Trigger sur les mouvements des articles
=====================================================================
=====================================================================
Suppression et crï¿½ation du Trigger.
=====================================================================


Erreur commençant à la ligne: 385 de la commande -
DROP TRIGGER MOUVEMENTS_ARTICLES
Rapport d'erreur -
ORA-04080: trigger 'MOUVEMENTS_ARTICLES' does not exist
04080. 00000 -  "trigger '%s' does not exist"
*Cause:    The TRIGGER name is invalid.
*Action:   Check the trigger name.

Erreur commençant à la ligne: 387 de la commande -
CREATE OR REPLACE TRIGGER MOUVEMENTS_ARTICLES
	AFTER UPDATE OR INSERT OR DELETE ON ARTICLES
	FOR EACH ROW
DECLARE
	V_REFART	VARCHAR2(10)	:= :OLD.REFART;
	V_NOMART	VARCHAR2(50)	:= :OLD.NOMART;
	V_PVART		NUMBER(10, 2)	:= :OLD.PVART;
	V_PAART		NUMBER(10, 2)	:= :OLD.PAART;
	V_QSART		NUMBER(3)		:= :OLD.QSART;

	VI_REFART	VARCHAR2(10)	:= :NEW.REFART;
	VI_NOMART	VARCHAR2(50)	:= :NEW.NOMART;
	VI_PVART	NUMBER(10, 2)	:= :NEW.PVART;
	VI_PAART	NUMBER(10, 2)	:= :NEW.PAART;
	VI_QSART	NUMBER(3)		:= :NEW.QSART;

BEGIN
	IF UPDATING THEN
		INSERT INTO HISTORIQUE_MVTS_ARTICLES (NOMUSER, TYPEMVT, REFART, NOMART, PVART, PAART, QSART, DATMVT)
		VALUES (USER, 'UPDATE', V_REFART, V_NOMART, V_PVART, V_PAART, V_QSART, SYSDATE);
	END IF;

	IF DELETING THEN
		INSERT INTO HISTORIQUE_MVTS_ARTICLES (NOMUSER, TYPEMVT, REFART, NOMART, PVART, PAART, QSART, DATMVT)
		VALUES (USER, 'DELETE', V_REFART, V_NOMART, V_PVART, V_PAART, V_QSART, SYSDATE);
	END IF;

	IF INSERTING THEN
		INSERT INTO HISTORIQUE_MVTS_ARTICLES (NOMUSER, TYPEMVT, REFART, NOMART, PVART, PAART, QSART, DATMVT)
		VALUES (USER, 'INSERT', VI_REFART, VI_NOMART, VI_PVART, VI_PAART, VI_QSART, SYSDATE);
	END IF;
END;
Rapport d'erreur -
ORA-04089: cannot create triggers on objects owned by SYS
04089. 00000 -  "cannot create triggers on objects owned by SYS"
*Cause:    An attempt was made to create a trigger on an object owned by SYS.
*Action:   Do not create triggers on objects owned by SYS.

=========================================================
Il est nï¿½cessaire de crï¿½er une table qui permet
de garder toutes les donnï¿½es sur les clients avant leurs mises ï¿½ jour.
C est une table qui aura comme colonnes toutes celles de dï¿½part avant la mise
ï¿½ jour et la date de la mise ï¿½ jour, l'utilisateur ayant fait la lise ï¿½ jour, etc...
=========================================================


=====================================================================
Il est nï¿½cessaire de crï¿½er une table HISTORIQUE_MVTS_CLIENTS.
=====================================================================


Table HISTORIQUE_MVTS_CLIENTS supprimé(e).


Table HISTORIQUE_MVTS_CLIENTS créé(e).


Erreur commençant à la ligne: 494 de la commande -
CREATE OR REPLACE TRIGGER HISTORIQUE_MVTS_CLIENTS
	AFTER UPDATE ON CLIENTS
	FOR EACH ROW
DECLARE
BEGIN
	INSERT INTO HISTORIQUE_MVTS_CLIENTS (CODCLI, CIVCLI, NOMCLI, PRENCLI, CATCLI,ADNCLI,ADRCLI,CPCLI,VILCLI,PAYSCLI,MAILCLI,TELCLI,DATEMAJ)
	VALUES (:OLD.CODCLI, :OLD.CIVCLI, :OLD.NOMCLI, :OLD.PRENCLI, :OLD.CATCLI, :OLD.ADNCLI, :OLD.ADRCLI, :OLD.CPCLI, :OLD.VILCLI, :OLD.PAYSCLI, :OLD.MAILCLI, :OLD.TELCLI, sysdate);
END;
Rapport d'erreur -
ORA-04089: cannot create triggers on objects owned by SYS
04089. 00000 -  "cannot create triggers on objects owned by SYS"
*Cause:    An attempt was made to create a trigger on an object owned by SYS.
*Action:   Do not create triggers on objects owned by SYS.

=====================================================================
Insertion des donnï¿½es de la bd EN SQL 2 POUR UN MAGASIN donnï¿½ Le FR01 de Paris
=====================================================================

=========================================================
>> Insertion dans la Table : CLIENTS
=========================================================


1 ligne inséré.


1 ligne inséré.


1 ligne inséré.


1 ligne inséré.


1 ligne inséré.


1 ligne inséré.


1 ligne inséré.


1 ligne inséré.


1 ligne inséré.


1 ligne inséré.


1 ligne inséré.


1 ligne inséré.


1 ligne inséré.


1 ligne inséré.


1 ligne inséré.


1 ligne inséré.


1 ligne inséré.



=========================================================
>> Insertion dans la Table : COMMANDES
=========================================================


Erreur commençant à la ligne: 595 de la commande -
INSERT INTO COMMANDES (NUMCOM, CODCLI, DATCOM)
VALUES ('20001AB', 'C012', 'SUNDAY 17-SEPTEMBER-2000')
Rapport d'erreur -
ORA-01846: not a valid day of the week


Erreur commençant à la ligne: 598 de la commande -
INSERT INTO COMMANDES (NUMCOM, CODCLI, DATCOM)
VALUES ('20002AB', 'C001', 'SUNDAY 17-SEPTEMBER-2000')
Rapport d'erreur -
ORA-01846: not a valid day of the week


Erreur commençant à la ligne: 601 de la commande -
INSERT INTO COMMANDES (NUMCOM, CODCLI, DATCOM)
VALUES ('20003AB', 'C006', ' MONDAY 16-OCTOBER-2000')
Rapport d'erreur -
ORA-01846: not a valid day of the week


Erreur commençant à la ligne: 604 de la commande -
INSERT INTO COMMANDES (NUMCOM, CODCLI, DATCOM)
VALUES ('20004AB', 'C006', 'TUESDAY 24-OCTOBER-2000')
Rapport d'erreur -
ORA-01846: not a valid day of the week


Erreur commençant à la ligne: 607 de la commande -
INSERT INTO COMMANDES (NUMCOM, CODCLI, DATCOM)
VALUES ('20011RB', 'C012', 'MONDAY 22-JANUARY-2001')
Rapport d'erreur -
ORA-01846: not a valid day of the week


Erreur commençant à la ligne: 610 de la commande -
INSERT INTO COMMANDES (NUMCOM, CODCLI, DATCOM)
VALUES ('20012RB', 'C012', 'TUESDAY 13-MARCH-2001')
Rapport d'erreur -
ORA-01846: not a valid day of the week


Erreur commençant à la ligne: 613 de la commande -
INSERT INTO COMMANDES (NUMCOM, CODCLI, DATCOM)
VALUES ('20031FB', 'C001', 'FRIDAY 14-FEBRURAY-2003')
Rapport d'erreur -
ORA-01846: not a valid day of the week


Erreur commençant à la ligne: 616 de la commande -
INSERT INTO COMMANDES (NUMCOM, CODCLI, DATCOM)
VALUES ('20051FB', 'C003', 'FRIDAY 07-JANUARY-2005')
Rapport d'erreur -
ORA-01846: not a valid day of the week


Erreur commençant à la ligne: 619 de la commande -
INSERT INTO COMMANDES (NUMCOM, CODCLI, DATCOM)
VALUES ('20052FB', 'C003', 'Wednesday 12-JANUARY-2005')
Rapport d'erreur -
ORA-01846: not a valid day of the week


Erreur commençant à la ligne: 622 de la commande -
INSERT INTO COMMANDES (NUMCOM, CODCLI, DATCOM)
VALUES ('20053FB', 'C012', 'THURSDAY 10-MARCH-2005')
Rapport d'erreur -
ORA-01846: not a valid day of the week


Erreur commençant à la ligne: 625 de la commande -
INSERT INTO COMMANDES (NUMCOM, CODCLI, DATCOM)
VALUES ('20054FB', 'C007', 'MONDAY 14-MARCH-2005')
Rapport d'erreur -
ORA-01846: not a valid day of the week


Erreur commençant à la ligne: 628 de la commande -
INSERT INTO COMMANDES (NUMCOM, CODCLI, DATCOM)
VALUES ('20055FB', 'C012', 'FRIDAY 11-MARCH-2005')
Rapport d'erreur -
ORA-01846: not a valid day of the week


Erreur commençant à la ligne: 631 de la commande -
INSERT INTO COMMANDES (NUMCOM, CODCLI, DATCOM)
VALUES ('20056FB', 'C013', 'MONDAY 14-MARCH-2005')
Rapport d'erreur -
ORA-01846: not a valid day of the week


Erreur commençant à la ligne: 634 de la commande -
INSERT INTO COMMANDES (NUMCOM, CODCLI, DATCOM)
VALUES ('20057FB', 'C014', 'FRIDAY 11-MARCH-2005')
Rapport d'erreur -
ORA-01846: not a valid day of the week


Erreur commençant à la ligne: 637 de la commande -
INSERT INTO COMMANDES (NUMCOM, CODCLI, DATCOM)
VALUES ('20061FB', 'C010', 'FRIDAY 14-FEBRURAY-2003')
Rapport d'erreur -
ORA-01846: not a valid day of the week


Erreur commençant à la ligne: 640 de la commande -
INSERT INTO COMMANDES (NUMCOM, CODCLI, DATCOM)
VALUES ('20062FB', 'C009', 'FRIDAY 14-FEBRURAY-2003')
Rapport d'erreur -
ORA-01846: not a valid day of the week


Erreur commençant à la ligne: 643 de la commande -
INSERT INTO COMMANDES (NUMCOM, CODCLI, DATCOM)
VALUES ('20065FB', 'C007', 'FRIDAY 14-FEBRURAY-2003')
Rapport d'erreur -
ORA-01846: not a valid day of the week


Erreur commençant à la ligne: 646 de la commande -
INSERT INTO COMMANDES (NUMCOM, CODCLI, DATCOM)
VALUES ('20066FB', 'C002', 'FRIDAY 14-FEBRURAY-2003')
Rapport d'erreur -
ORA-01846: not a valid day of the week


Erreur commençant à la ligne: 649 de la commande -
INSERT INTO COMMANDES (NUMCOM, CODCLI, DATCOM)
VALUES ('20067FB', 'C002', 'FRIDAY 14-FEBRURAY-2003')
Rapport d'erreur -
ORA-01846: not a valid day of the week


Erreur commençant à la ligne: 652 de la commande -
INSERT INTO COMMANDES (NUMCOM, CODCLI, DATCOM)
VALUES ('20068FB', 'C002', 'FRIDAY 14-FEBRURAY-2003')
Rapport d'erreur -
ORA-01846: not a valid day of the week


Erreur commençant à la ligne: 655 de la commande -
INSERT INTO COMMANDES (NUMCOM, CODCLI, DATCOM)
VALUES ('20069FB', 'C002', 'TUESDAY 30-JANUARY-2007')
Rapport d'erreur -
ORA-01846: not a valid day of the week


Erreur commençant à la ligne: 658 de la commande -
INSERT INTO COMMANDES (NUMCOM, CODCLI, DATCOM)
VALUES ('20070FB', 'C002', 'TUESDAY 30-JANUARY-2007')
Rapport d'erreur -
ORA-01846: not a valid day of the week


Erreur commençant à la ligne: 661 de la commande -
INSERT INTO COMMANDES (NUMCOM, CODCLI, DATCOM)
VALUES ('20071FB', 'C013', 'TUESDAY 30-JANUARY-2007')
Rapport d'erreur -
ORA-01846: not a valid day of the week


Erreur commençant à la ligne: 664 de la commande -
INSERT INTO COMMANDES (NUMCOM, CODCLI, DATCOM)
VALUES ('20072FB', 'C013', 'TUESDAY 30-JANUARY-2007')
Rapport d'erreur -
ORA-01846: not a valid day of the week


Erreur commençant à la ligne: 667 de la commande -
INSERT INTO COMMANDES (NUMCOM, CODCLI, DATCOM)
VALUES ('20073FB', 'C014', 'TUESDAY 30-JANUARY-2007')
Rapport d'erreur -
ORA-01846: not a valid day of the week


Erreur commençant à la ligne: 670 de la commande -
INSERT INTO COMMANDES (NUMCOM, CODCLI, DATCOM)
VALUES ('20074FB', 'C014', 'TUESDAY 30-JANUARY-2007')
Rapport d'erreur -
ORA-01846: not a valid day of the week


Erreur commençant à la ligne: 673 de la commande -
INSERT INTO COMMANDES (NUMCOM, CODCLI, DATCOM)
VALUES ('20184FB', 'C014', 'MONDAY 17-SEPTEMBER-2018')
Rapport d'erreur -
ORA-01846: not a valid day of the week


Erreur commençant à la ligne: 676 de la commande -
INSERT INTO COMMANDES (NUMCOM, CODCLI, DATCOM)
VALUES ('20181AB', 'C012', 'MONDAY 17-SEPTEMBER-2018')
Rapport d'erreur -
ORA-01846: not a valid day of the week



=========================================================
>> Insertion dans la Table : ARTICLES
=========================================================


1 ligne inséré.


1 ligne inséré.


1 ligne inséré.


1 ligne inséré.


1 ligne inséré.


1 ligne inséré.


1 ligne inséré.


1 ligne inséré.


1 ligne inséré.


1 ligne inséré.


1 ligne inséré.


1 ligne inséré.


1 ligne inséré.


1 ligne inséré.


1 ligne inséré.


1 ligne inséré.


1 ligne inséré.


1 ligne inséré.


1 ligne inséré.


1 ligne inséré.


1 ligne inséré.


1 ligne inséré.


1 ligne inséré.


1 ligne inséré.


1 ligne inséré.


1 ligne inséré.


1 ligne inséré.


1 ligne inséré.


1 ligne inséré.


1 ligne inséré.



=========================================================
>> Insertion dans la Table : DETAILCOM
=========================================================


Erreur commençant à la ligne: 785 de la commande -
INSERT INTO DETAILCOM (NUMCOM, REFART, QTCOM, PUART, REMISE)
VALUES ('20001AB', 'F1.001', 2, 35.00, 2.50)
Rapport d'erreur -
ORA-02291: integrity constraint (SYS.FK_DETAILCOM_NUMCOM_COM) violated - parent key not found


Erreur commençant à la ligne: 788 de la commande -
INSERT INTO DETAILCOM (NUMCOM, REFART, QTCOM, PUART, REMISE)
VALUES ('20001AB', 'F1.003', 4, 10.71, 3.00)
Rapport d'erreur -
ORA-02291: integrity constraint (SYS.FK_DETAILCOM_NUMCOM_COM) violated - parent key not found


Erreur commençant à la ligne: 791 de la commande -
INSERT INTO DETAILCOM (NUMCOM, REFART, QTCOM, PUART, REMISE)
VALUES ('20001AB', 'F1.013', 2, 49.14, 0.00)
Rapport d'erreur -
ORA-02291: integrity constraint (SYS.FK_DETAILCOM_NUMCOM_COM) violated - parent key not found


Erreur commençant à la ligne: 794 de la commande -
INSERT INTO DETAILCOM (NUMCOM, REFART, QTCOM, PUART, REMISE)
VALUES ('20001AB', 'WD.001', 1, 21.29, 0.00)
Rapport d'erreur -
ORA-02291: integrity constraint (SYS.FK_DETAILCOM_NUMCOM_COM) violated - parent key not found


Erreur commençant à la ligne: 797 de la commande -
INSERT INTO DETAILCOM (NUMCOM, REFART, QTCOM, PUART, REMISE)
VALUES ('20002AB', 'F1.001', 2, 33.00, 3.00)
Rapport d'erreur -
ORA-02291: integrity constraint (SYS.FK_DETAILCOM_NUMCOM_COM) violated - parent key not found


Erreur commençant à la ligne: 800 de la commande -
INSERT INTO DETAILCOM (NUMCOM, REFART, QTCOM, PUART, REMISE)
VALUES ('20002AB', 'WD.001', 1, 21.29, 0.00)
Rapport d'erreur -
ORA-02291: integrity constraint (SYS.FK_DETAILCOM_NUMCOM_COM) violated - parent key not found


Erreur commençant à la ligne: 803 de la commande -
INSERT INTO DETAILCOM (NUMCOM, REFART, QTCOM, PUART, REMISE)
VALUES ('20002AB', 'WD.002', 1, 34.29, 0.00)
Rapport d'erreur -
ORA-02291: integrity constraint (SYS.FK_DETAILCOM_NUMCOM_COM) violated - parent key not found


Erreur commençant à la ligne: 806 de la commande -
INSERT INTO DETAILCOM (NUMCOM, REFART, QTCOM, PUART, REMISE)
VALUES ('20002AB', 'WD.003', 1, 22.86, 0.00)
Rapport d'erreur -
ORA-02291: integrity constraint (SYS.FK_DETAILCOM_NUMCOM_COM) violated - parent key not found


Erreur commençant à la ligne: 809 de la commande -
INSERT INTO DETAILCOM (NUMCOM, REFART, QTCOM, PUART, REMISE)
VALUES ('20003AB', 'FB.001', 5, 21.00, 4.00)
Rapport d'erreur -
ORA-02291: integrity constraint (SYS.FK_DETAILCOM_NUMCOM_COM) violated - parent key not found


Erreur commençant à la ligne: 812 de la commande -
INSERT INTO DETAILCOM(NUMCOM, REFART, QTCOM, PUART, REMISE)
VALUES ('20003AB', 'WD.002', 1, 34.29, 0.00)
Rapport d'erreur -
ORA-02291: integrity constraint (SYS.FK_DETAILCOM_NUMCOM_COM) violated - parent key not found


Erreur commençant à la ligne: 815 de la commande -
INSERT INTO DETAILCOM (NUMCOM, REFART, QTCOM, PUART, REMISE)
VALUES ('20003AB', 'WD.003', 1, 22.86, 0.00)
Rapport d'erreur -
ORA-02291: integrity constraint (SYS.FK_DETAILCOM_NUMCOM_COM) violated - parent key not found


Erreur commençant à la ligne: 818 de la commande -
INSERT INTO DETAILCOM (NUMCOM, REFART, QTCOM, PUART, REMISE)
VALUES ('20004AB', 'F1.008', 2, 3.29, 3.50)
Rapport d'erreur -
ORA-02291: integrity constraint (SYS.FK_DETAILCOM_NUMCOM_COM) violated - parent key not found


Erreur commençant à la ligne: 821 de la commande -
INSERT INTO DETAILCOM (NUMCOM, REFART, QTCOM, PUART, REMISE)
VALUES ('20004AB', 'WD.001', 1, 21.29, 2.50)
Rapport d'erreur -
ORA-02291: integrity constraint (SYS.FK_DETAILCOM_NUMCOM_COM) violated - parent key not found


Erreur commençant à la ligne: 824 de la commande -
INSERT INTO DETAILCOM (NUMCOM, REFART, QTCOM, PUART, REMISE)
VALUES ('20012RB', 'F1.007', 5, 5.00, 3.00)
Rapport d'erreur -
ORA-02291: integrity constraint (SYS.FK_DETAILCOM_NUMCOM_COM) violated - parent key not found


Erreur commençant à la ligne: 827 de la commande -
INSERT INTO DETAILCOM (NUMCOM, REFART, QTCOM, PUART, REMISE)
VALUES ('20012RB', 'F1.009', 1, 37.86, 0.00)
Rapport d'erreur -
ORA-02291: integrity constraint (SYS.FK_DETAILCOM_NUMCOM_COM) violated - parent key not found


Erreur commençant à la ligne: 830 de la commande -
INSERT INTO DETAILCOM (NUMCOM, REFART, QTCOM, PUART, REMISE)
VALUES ('20012RB', 'FB.003', 5, 24.00, 0.00)
Rapport d'erreur -
ORA-02291: integrity constraint (SYS.FK_DETAILCOM_NUMCOM_COM) violated - parent key not found


Erreur commençant à la ligne: 833 de la commande -
INSERT INTO DETAILCOM (NUMCOM, REFART, QTCOM, PUART, REMISE)
VALUES ('20031FB', 'F1.008', 2, 3.29, 3.00)
Rapport d'erreur -
ORA-02291: integrity constraint (SYS.FK_DETAILCOM_NUMCOM_COM) violated - parent key not found


Erreur commençant à la ligne: 836 de la commande -
INSERT INTO DETAILCOM (NUMCOM, REFART, QTCOM, PUART, REMISE)
VALUES ('20031FB', 'F2.001', 1, 30.71, 0.00)
Rapport d'erreur -
ORA-02291: integrity constraint (SYS.FK_DETAILCOM_NUMCOM_COM) violated - parent key not found


Erreur commençant à la ligne: 839 de la commande -
INSERT INTO DETAILCOM (NUMCOM, REFART, QTCOM, PUART, REMISE)
VALUES ('20031FB', 'FB.001', 5, 21.00, 0.00)
Rapport d'erreur -
ORA-02291: integrity constraint (SYS.FK_DETAILCOM_NUMCOM_COM) violated - parent key not found


Erreur commençant à la ligne: 842 de la commande -
INSERT INTO DETAILCOM (NUMCOM, REFART, QTCOM, PUART, REMISE)
VALUES ('20051FB', 'F1.008', 2, 3.29, 0.00)
Rapport d'erreur -
ORA-02291: integrity constraint (SYS.FK_DETAILCOM_NUMCOM_COM) violated - parent key not found


Erreur commençant à la ligne: 845 de la commande -
INSERT INTO DETAILCOM (NUMCOM, REFART, QTCOM, PUART, REMISE)
VALUES ('20051FB', 'FB.001', 5, 21.00, 4.00)
Rapport d'erreur -
ORA-02291: integrity constraint (SYS.FK_DETAILCOM_NUMCOM_COM) violated - parent key not found


Erreur commençant à la ligne: 848 de la commande -
INSERT INTO DETAILCOM (NUMCOM, REFART, QTCOM, PUART, REMISE)
VALUES ('20052FB', 'F1.001', 2, 35.00, 0.00)
Rapport d'erreur -
ORA-02291: integrity constraint (SYS.FK_DETAILCOM_NUMCOM_COM) violated - parent key not found


Erreur commençant à la ligne: 851 de la commande -
INSERT INTO DETAILCOM (NUMCOM, REFART, QTCOM, PUART, REMISE)
VALUES ('20052FB', 'F1.003', 4, 10.71, 0.00)
Rapport d'erreur -
ORA-02291: integrity constraint (SYS.FK_DETAILCOM_NUMCOM_COM) violated - parent key not found


Erreur commençant à la ligne: 854 de la commande -
INSERT INTO DETAILCOM (NUMCOM, REFART, QTCOM, PUART, REMISE)
VALUES ('20052FB', 'F1.013', 2, 49.14, 3.50)
Rapport d'erreur -
ORA-02291: integrity constraint (SYS.FK_DETAILCOM_NUMCOM_COM) violated - parent key not found


Erreur commençant à la ligne: 857 de la commande -
INSERT INTO DETAILCOM (NUMCOM, REFART, QTCOM, PUART, REMISE)
VALUES ('20052FB', 'WD.001', 1, 21.29, 0.00)
Rapport d'erreur -
ORA-02291: integrity constraint (SYS.FK_DETAILCOM_NUMCOM_COM) violated - parent key not found


Erreur commençant à la ligne: 860 de la commande -
INSERT INTO DETAILCOM (NUMCOM, REFART, QTCOM, PUART, REMISE)
VALUES ('20052FB', 'WD.003', 1, 22.86, 0.00)
Rapport d'erreur -
ORA-02291: integrity constraint (SYS.FK_DETAILCOM_NUMCOM_COM) violated - parent key not found


Erreur commençant à la ligne: 863 de la commande -
INSERT INTO DETAILCOM (NUMCOM, REFART, QTCOM, PUART, REMISE)
VALUES ('20053FB', 'WD.003', 1, 22.86, 0.00)
Rapport d'erreur -
ORA-02291: integrity constraint (SYS.FK_DETAILCOM_NUMCOM_COM) violated - parent key not found


Erreur commençant à la ligne: 866 de la commande -
INSERT INTO DETAILCOM (NUMCOM, REFART, QTCOM, PUART, REMISE)
VALUES ('20054FB', 'WD.003', 1, 22.86, 0.00)
Rapport d'erreur -
ORA-02291: integrity constraint (SYS.FK_DETAILCOM_NUMCOM_COM) violated - parent key not found


Erreur commençant à la ligne: 869 de la commande -
INSERT INTO DETAILCOM (NUMCOM, REFART, QTCOM, PUART, REMISE)
VALUES ('20055FB', 'F1.008', 5, 3.29, 0.00)
Rapport d'erreur -
ORA-02291: integrity constraint (SYS.FK_DETAILCOM_NUMCOM_COM) violated - parent key not found


Erreur commençant à la ligne: 872 de la commande -
INSERT INTO DETAILCOM (NUMCOM, REFART, QTCOM, PUART, REMISE)
VALUES ('20055FB', 'F1.009', 1, 37.86, 0.00)
Rapport d'erreur -
ORA-02291: integrity constraint (SYS.FK_DETAILCOM_NUMCOM_COM) violated - parent key not found


Erreur commençant à la ligne: 875 de la commande -
INSERT INTO DETAILCOM (NUMCOM, REFART, QTCOM, PUART, REMISE)
VALUES ('20055FB', 'F1.011', 2, 80.71, 0.00)
Rapport d'erreur -
ORA-02291: integrity constraint (SYS.FK_DETAILCOM_NUMCOM_COM) violated - parent key not found


Erreur commençant à la ligne: 878 de la commande -
INSERT INTO DETAILCOM (NUMCOM, REFART, QTCOM, PUART, REMISE)
VALUES ('20055FB', 'F2.001', 1, 30.71, 0.00)
Rapport d'erreur -
ORA-02291: integrity constraint (SYS.FK_DETAILCOM_NUMCOM_COM) violated - parent key not found


Erreur commençant à la ligne: 881 de la commande -
INSERT INTO DETAILCOM (NUMCOM, REFART, QTCOM, PUART, REMISE)
VALUES ('20056FB', 'F1.011', 2, 80.71, 0.00)
Rapport d'erreur -
ORA-02291: integrity constraint (SYS.FK_DETAILCOM_NUMCOM_COM) violated - parent key not found


Erreur commençant à la ligne: 884 de la commande -
INSERT INTO DETAILCOM (NUMCOM, REFART, QTCOM, PUART, REMISE)
VALUES ('20057FB', 'F2.001', 1, 30.71, 0.00)
Rapport d'erreur -
ORA-02291: integrity constraint (SYS.FK_DETAILCOM_NUMCOM_COM) violated - parent key not found


Erreur commençant à la ligne: 887 de la commande -
INSERT INTO DETAILCOM(NUMCOM, REFART, QTCOM, PUART, REMISE)
VALUES ('20061FB', 'FB.003', 5, 24.00, 0.00)
Rapport d'erreur -
ORA-02291: integrity constraint (SYS.FK_DETAILCOM_NUMCOM_COM) violated - parent key not found


Erreur commençant à la ligne: 890 de la commande -
INSERT INTO DETAILCOM(NUMCOM, REFART, QTCOM, PUART, REMISE)
VALUES ('20062FB', 'FB.003', 5, 24.00, 0.00)
Rapport d'erreur -
ORA-02291: integrity constraint (SYS.FK_DETAILCOM_NUMCOM_COM) violated - parent key not found


Erreur commençant à la ligne: 893 de la commande -
INSERT INTO DETAILCOM(NUMCOM, REFART, QTCOM, PUART, REMISE)
VALUES ('20065FB', 'FB.003', 5, 24.00, 0.00)
Rapport d'erreur -
ORA-02291: integrity constraint (SYS.FK_DETAILCOM_NUMCOM_COM) violated - parent key not found


Erreur commençant à la ligne: 896 de la commande -
INSERT INTO DETAILCOM(NUMCOM, REFART, QTCOM, PUART, REMISE)
VALUES ('20066FB', 'FB.003', 5, 24.00, 0.00)
Rapport d'erreur -
ORA-02291: integrity constraint (SYS.FK_DETAILCOM_NUMCOM_COM) violated - parent key not found


Erreur commençant à la ligne: 899 de la commande -
INSERT INTO DETAILCOM(NUMCOM, REFART, QTCOM, PUART, REMISE)
VALUES ('20067FB', 'FB.001', 22, 24.00, 0.00)
Rapport d'erreur -
ORA-02291: integrity constraint (SYS.FK_DETAILCOM_NUMCOM_COM) violated - parent key not found


Erreur commençant à la ligne: 902 de la commande -
INSERT INTO DETAILCOM(NUMCOM, REFART, QTCOM, PUART, REMISE)
VALUES ('20068FB', 'FB.001', 22, 24.00, 0.00)
Rapport d'erreur -
ORA-02291: integrity constraint (SYS.FK_DETAILCOM_NUMCOM_COM) violated - parent key not found


Erreur commençant à la ligne: 905 de la commande -
INSERT INTO DETAILCOM(NUMCOM, REFART, QTCOM, PUART, REMISE)
VALUES ('20069FB', 'FB.001', 25, 58.00, 0.00)
Rapport d'erreur -
ORA-02291: integrity constraint (SYS.FK_DETAILCOM_NUMCOM_COM) violated - parent key not found


Erreur commençant à la ligne: 908 de la commande -
INSERT INTO DETAILCOM(NUMCOM, REFART, QTCOM, PUART, REMISE)
VALUES ('20070FB', 'FB.001', 50, 24.00, 0.00)
Rapport d'erreur -
ORA-02291: integrity constraint (SYS.FK_DETAILCOM_NUMCOM_COM) violated - parent key not found


Erreur commençant à la ligne: 911 de la commande -
INSERT INTO DETAILCOM(NUMCOM, REFART, QTCOM, PUART, REMISE)
VALUES ('20071FB', 'FB.001', 37, 27.90, 0.00)
Rapport d'erreur -
ORA-02291: integrity constraint (SYS.FK_DETAILCOM_NUMCOM_COM) violated - parent key not found


Erreur commençant à la ligne: 914 de la commande -
INSERT INTO DETAILCOM(NUMCOM, REFART, QTCOM, PUART, REMISE)
VALUES ('20072FB', 'FB.001', 8, 34.00, 0.00)
Rapport d'erreur -
ORA-02291: integrity constraint (SYS.FK_DETAILCOM_NUMCOM_COM) violated - parent key not found


Erreur commençant à la ligne: 917 de la commande -
INSERT INTO DETAILCOM(NUMCOM, REFART, QTCOM, PUART, REMISE)
VALUES ('20073FB', 'FB.001', 35, 15.50, 0.00)
Rapport d'erreur -
ORA-02291: integrity constraint (SYS.FK_DETAILCOM_NUMCOM_COM) violated - parent key not found


Erreur commençant à la ligne: 920 de la commande -
INSERT INTO DETAILCOM(NUMCOM, REFART, QTCOM, PUART, REMISE)
VALUES ('20074FB', 'FB.001', 12, 19.99, 0.00)
Rapport d'erreur -
ORA-02291: integrity constraint (SYS.FK_DETAILCOM_NUMCOM_COM) violated - parent key not found


Erreur commençant à la ligne: 923 de la commande -
INSERT INTO DETAILCOM(NUMCOM, REFART, QTCOM, PUART, REMISE)
VALUES ('20181AB', 'FB.001', 7, 17.77, 0.00)
Rapport d'erreur -
ORA-02291: integrity constraint (SYS.FK_DETAILCOM_NUMCOM_COM) violated - parent key not found

=========================================================
Validation des insertions dans la bd EN SQL 2
=========================================================
Validation (commit) terminée.


=========================================================
Affichage des tables de la bd EN SQL 2
=========================================================

CODCLI CIVCLI   NOMCLI   PRENCLI  CATCLI ADNCLI ADRCLI     CPCLI VILCLI PAYSCLI MAILCLI    TELCLI    
------ -------- -------- -------- ------ ------ ---------- ----- ------ ------- ---------- ----------
C001   Madame   CLEM@ENT EVE           1 18     BOULEVARD  91000 EPINAY FRANCE  eve.clemen +337778899
                                                FOCH             -SUR-O         t@gmail.co 11        
                                                                 RGE            m                    

C002   Madame   LESEUL   MARIE         1 21     AVENUE D I 75013 PARIS  FRANCE  marieleseu 0617586565
                                                TALIE                           l@yahoo.fr           

C003   Madame   UNIQUE   MARINE        2 77     RUE DE LA  13001 MARCHE FRANCE  munique@gm +337778899
                                                LIBERTE          ILLE           ail.com    22        

C004   Madame   CLEMENCE EVELYNE       3 8 BIS  BOULEVARD  93800 EPINAY FRANCE  clemence e +337778899
                                                FOCH             -SUR-S         velyne@gma 33        
                                                                 EINE           il.com               

C005   Madame   FORT     JEANNE        3 55     RUE DU JAP 94310 ORLY-V FRANCE  jfort\@hot +337778899
                                                ON               ILLE           mail.fr    44        

C006   Mademois LE BON   CLEMENCE      1 18     BOULEVARD  93800 EPINAY FRANCE  clemence.l 0033777889
       elle                                     FOCH             -SUR-S         e bon@cfo. 955       
                                                                 EINE           fr                   

C007   Mademois TRAIFOR  ALICE         2 6      RUE DE LA  75015 PARIS  FRANCE  alice.trai +337778899
       elle                                     ROSIERE                         for@yahoo. 66        
                                                                                fr                   

C008   Monsieur VIVANT   JEAN-BAP      1 13     RUE DE LA  93800 EPINAY FRANCE  jeanbaptis 0607      
                         TISTE                  PAIX             -SUR-S         te@                  
                                                                 EINE                                

C009   Monsieur CLEMENCE ALEXANDR      1 5      RUE DE BEL 75019 PARIS  FRANCE  alexandre. +331494040
                         E                      LEVILLE                         clemence@u 71        
                                                                                p13.fr               

C010   Monsieur TRAIFOR  ALEXANDR      1 16     AVENUE FOC 75016 PARIS  FRA     alexandre. 06070809  
                         E                      H                               traifor@up           
                                                                                13.fr                

C011   Monsieur PREMIER  JOS//EPH      2 77     RUE DE LA  13001 MARCHE FRANCE  josef@prem +337778899
                                                LIBERTE          ILLE           ier        77        

C012   Monsieur CLEMENT  ADAM          2 13     AVENUE JEA 9430  VILLET FRANCE  adam.cleme +331494040
                                                N BAPTISTE       ANEUSE         nt@gmail.c 72        
                                                 CLEMENT                        om                   

C013   Monsieur FORT     GABRIEL       5 1      AVENUE DE  99000 TUNIS  TUNISIE gabriel.fo +216248017
                                                CARTAGE                         rt@yahoo.f 77        
                                                                                r                    

C014   Monsieur ADAM     DAVID         5 1      AVENUE DE  99001 ROME   ITALIE  david.adam           
                                                ROME                            ï¿½@gmail            
                                                                                com                  

C015   Monsieur Labsent  pala          7 1      rue des ab 000   BAGDAD IRAQ    pala-labse           
                                                sents                           nt@paici             

C016   Madame   obsolete kadym         7 1      rue des an 000   CARTHA IFRIQIA inexistant inexistant
                                                ciens            GE                                  

C017   Madame   RAHYM    KARYM         1 1      RUE DES GE 1000  CARTHA TUNISIE karym.rahy +216248084
                                                NTILS            GE             m@gmail.co 44        
                                                                                m                    


17 lignes sélectionnées. 

Ecoulé : 00:00:00.069


aucune ligne sélectionnée
Ecoulé : 00:00:00.000



REFART   NOMART                      PVART QSART   PAART
-------- ------------------------- ------- ----- -------
F1.001   SIEGE DE TABLE              35.00    10   26.43
F1.002   CASQUE CYCLISTE PROTECTIO   27.00    20   20.00
         N                                              

F1.003   BONNET PARE-CHOCS           10.71 ###      5.71
F1.004   STORE DE PROTECTION          7.43     5    4.29
F1.005   COINS DE PROTECTION          4.00 ###      1.71
F1.006   CACHE PRISE DE COURANT       2.29 ###       .71
F1.007   BLOQUE PORTE                 5.00     4    2.29
F1.008   BANDE DE FERMETURE           3.29     4    1.71
F1.009   PROTECTION DE FOUR          37.86    10   26.43
F1.010   PROTECTION DE CUISINIERE    30.71    10   22.86
F1.011   BABY PHONE                  80.71     3   45.71
F1.012   BRETELLE DE SECURITE        15.57     8   11.43
F1.013   HAUSSE-CHAISE               42.71     1   25.43
F1.014   COUVRE ROBINETTERIE          7.86    12    4.29
F2.001   BARRIERE DE PORTE, EN BOI   32.71     2   25.71
         S                                              

F2.002   BARRIERE DE PORTE, EN MET   49.14     3   28.43
         AL                                             

F2.003   BARRIERE DE LIT             23.71    10   15.71
F2.004   PORTE-BEBE                  44.86     6   34.29
F2.005   SIEGE-AUTO COSMOS          126.86     2   71.43
F2.006   SIEGE-AUTO EUROSEAT        121.29     2   71.43
FB.001   DVD-SPIRIT                  24.90     2   12.00
FB.002   DVD-SPIDER MAN              24.90     2   12.00
FB.003   DVD-SPIDER MAN 2            24.90     2   12.00
WD.001   K7 VIDEO-TOY STORY          21.29    10    9.29
WD.002   DVD-TOY STORY 2             34.29    10   12.14
WD.003   K7 VIDEO-WINNIE L OURSON    22.86     5    9.29
WD.004   DVD-FRERES DES OURS         35.00     3   13.00
WD.005   K7 VIDEO-LE ROI LION        30.00     1   13.00
WD.006   K7 VIDEO-LE ROI LION 2      30.00     4   13.00
WD.007   K7 VIDEO-LE ROI LION 3      30.00     3   13.00

30 lignes sélectionnées. 

Ecoulé : 00:00:00.069


aucune ligne sélectionnée
Ecoulé : 00:00:00.008




=========================================================
Exemple avec 2 insertions et 2 mises ï¿½ jour dans la table ARTICLES
=========================================================


0 lignes supprimé.

Ecoulé : 00:00:00.004

1 ligne inséré.

Ecoulé : 00:00:00.008

0 lignes supprimé.

Ecoulé : 00:00:00.008

1 ligne inséré.

Ecoulé : 00:00:00.008


=========================================================
Visualisation des articles insï¿½rï¿½s dans ARTICLES
=========================================================

ins                                                                                                                                                                                                                                                                                                                                                                                                                                                                                                  Visualisationdesarticlesins                                                                                                                                                                                                                                                                                                                                                                                                                                                                                                      
                                                                                                                                                                                                                                                                                                                                                                                                                                                                                                                                                                                                                                                                                                                                                                                                                                                                                                                                                                                                                                      
dansARTICLES skip 1        LEFT   =========================================================================                                                                                                                                                                                                                                                                                                                                                                                                                                                                                                                                                                                                                                                                                                                                                                                                                                                                                                                           
0                                                                                                                                                                                                                                                                                                                                                                                                                                                                                                                                                                                                                                                                                                                                                                                                                                                                                                                                                                                                                                     
REFART NOMART                     PVART QSART  PAART
------ ------------------------- ------ ----- ------
WD.010 K7 VIDEO-Exemple de k7     30.00     3  13.00
WD.011 Exemple de DVD             25.00     5  10.00

Ecoulé : 00:00:00.121


=========================================================
MAJ des articles dans ARTICLES
=========================================================


1 ligne mis à jour.

Ecoulé : 00:00:00.000

1 ligne mis à jour.

Ecoulé : 00:00:00.000


=====================================================================
Visualisation des 2 articles MAJ dans ARTICLES
=====================================================================


                                                                                                                                                                                                                                                                                                                                                                                                                                                                                            Visualisation des 2 articles MAJ dans ARTICLES                                                                                                                                                                                                                                                                                                                                                                                                                                                                                            
=========================================================================                                                                                                                                                                                                                                                                                                                                                                                                                                                                                                                                                                                                                                                                                                                                                                                                                                                                                                                                                             
                                                                                                                                                                                                                                                                                                                                                                                                                                                                                                                                                                                                                                                                                                                                                                                                                                                                                                                                                                                                                                      
REFART NOMART                     PVART QSART  PAART
------ ------------------------- ------ ----- ------
WD.010 K7 VIDEO-Exemple de k7     45.00     3  15.00
WD.011 Exemple de DVD              2.00     5  10.00

Ecoulé : 00:00:00.016


=====================================================================
Visualisation de la table HISTORIQUE_PRIX
=====================================================================


Erreur commençant à la ligne: 1 112 de la commande -
SELECT	*
FROM	HISTORIQUE_PRIX
Erreur à la ligne de commande: 1 113 Colonne: 6
Rapport d'erreur -
Erreur SQL : ORA-00942: table or view does not exist
00942. 00000 -  "table or view does not exist"
*Cause:    
*Action:
Ecoulé : 00:00:00.004



=====================================================================
|                                                                   |
|      Historique des mouvements des articles                       |
|                                                                   |
=====================================================================




=====================================================================
Suppression et Insertion dans la table ARTICLES (par user-X par exemple)
=====================================================================


0 lignes supprimé.

Ecoulé : 00:00:00.000

1 ligne inséré.

Ecoulé : 00:00:00.000
=====================================================================
Mouvements dans la table ARTICLES effectuï¿½s par des utilisateurs
externes: user-y et user-X
=====================================================================



=====================================================================
Visualisation de la table HISTORIQUE_MVTS_ARTICLES
=====================================================================

aucune ligne sélectionnée
Ecoulé : 00:00:00.000


=====================================================================
Suppression et insertion dans la table ARTICLES.
=====================================================================


1 ligne supprimé.

Ecoulé : 00:00:00.000

1 ligne inséré.

Ecoulé : 00:00:00.000

1 ligne inséré.

Ecoulé : 00:00:00.000
Validation (commit) terminée.
Ecoulé : 00:00:00.000
=====================================================================
Visualisation de la table HISTORIQUE_MVTS_ARTICLES
=====================================================================

aucune ligne sélectionnée
Ecoulé : 00:00:00.000



=====================================================================
|                                                                   |
|      Historique des mouvements des articles                       |
|                                                                   |
=====================================================================


=====================================================================
Mise ï¿½ jour dans la table ARTICLES pour effectuer les tests.
=====================================================================


1 ligne mis à jour.

Ecoulé : 00:00:00.000

1 ligne mis à jour.

Ecoulé : 00:00:00.000

1 ligne mis à jour.

Ecoulé : 00:00:00.000
Validation (commit) terminée.
Ecoulé : 00:00:00.000
=====================================================================
Visualisation de la table HISTORIQUE_MVTS_ARTICLES
=====================================================================

aucune ligne sélectionnée
Ecoulé : 00:00:00.000
=====================================================================
Suppression et creation de la table comparaison_art
Cette table va permettre de stocker les mouvements dans
la table ARTICLES, pendant une pï¿½riode. Tout ï¿½a pour pouvoir ensuite
ï¿½tudier l impact de ces mouvements sur le chiffre d affaires durant
la pï¿½riode considï¿½rï¿½e.
=====================================================================


Table COMPARAISON_ART supprimé(e).

Ecoulé : 00:00:00.020

Table COMPARAISON_ART créé(e).

Ecoulé : 00:00:00.000


=====================================================================
Suppression et creation de la table comparaison_chiffre_affaires.
Cette table va permettre de stocker les informations concernant
le chiffre d affaires moyen des diffï¿½rents pays avant la pï¿½riode oï¿½
l on a dï¿½cidï¿½ de regarder l impact des mouvements effectuï¿½s sur
la table ARTICLES. De garder aussi le chiffre d affaires durant
la pï¿½riode considï¿½rï¿½e. Et aussi, d inscrire la variation au niveau
des chiffres d affaires.
=====================================================================


Table COMPARAISON_CHIFFRE_AFFAIRES supprimé(e).

Ecoulé : 00:00:00.035

Table COMPARAISON_CHIFFRE_AFFAIRES créé(e).

Ecoulé : 00:00:00.009


=====================================================================
Creation de vue VUE_ART permettant de garder pour chaque article
de la table ARTICLES son prix de vente moyen, son prix d achat moyen
et sa quantitï¿½ en stock moyen.
=====================================================================


View VUE_ART créé(e).

Ecoulé : 00:00:00.015


=====================================================================
Creation de vue VUE_MVTS_ART permettant de garder pour chaque article
de la table HISTORIQUE_MVTS_ARTICLES son prix de vente moyen, son
prix d achat moyen et sa quantitï¿½ en stock moyen.
=====================================================================


View VUE_MVTS_ART créé(e).

Ecoulé : 00:00:00.015


=====================================================================
Creation de vue CHIFFRE_AFFAIRES_AVANT permettant de calculer le
chiffre d affaires de chaque pays avant une pï¿½riode considï¿½rï¿½e.
=====================================================================


View CHIFFRE_AFFAIRES_AVANT créé(e).

Ecoulé : 00:00:00.015


=====================================================================
Creation de vue CHIFFRE_AFFAIRES_APRES permettant de calculer le
chiffre d affaires de chaque pays durant la pï¿½riode considï¿½rï¿½e.
=====================================================================


Erreur commençant à la ligne: 1 383 de la commande -
CREATE OR REPLACE VIEW CHIFFRE_AFFAIRES_APRES (PAYSCLI, CHIFFAFF, ) AS
(
	SELECT	cl.PAYSCLI, sum((d.PUART*d.QTCOM) * (1-(d.REMISE/100))) as chiffre_affaires
	FROM	DETAILCOM d, CLIENTS cl, COMMANDES c
	WHERE	d.NUMCOM  = c.NUMCOM
	AND	cl.CODCLI = c.CODCLI
	AND	EXTRACT(YEAR FROM c.DATCOM) BETWEEN 2006 AND 2007
	GROUP BY cl.PAYSCLI
)
Rapport d'erreur -
ORA-00904: : invalid identifier
00904. 00000 -  "%s: invalid identifier"
*Cause:    
*Action:
Ecoulé : 00:00:00.000


=====================================================================
Creation de procedure MOYENNE_PRIX_ART permettant de calculer le prix
moyen d achat et de vente, et la quantitï¿½ moyenne en stock de chaque
article. Et ensuite de calculer le chiffre d affaires avant et pendant
une pï¿½riode considï¿½rï¿½e. Tout cela pour savoir si les mouvements
effectuï¿½s, durant une pï¿½riode considï¿½rï¿½e, sur la table ARTICLES ont
apportï¿½ plus ou moins d argent.
=====================================================================


Elément Procedure MOYENNE_PRIX_ART compilé

Erreurs : consulter le journal du compilateur
Ecoulé : 00:00:00.088


=====================================================================
Execution de procedure
=====================================================================


Erreur commençant à la ligne: 1 476 de la commande -
BEGIN MOYENNE_PRIX_ART; END;
Rapport d'erreur -
ORA-06550: line 1, column 7:
PLS-00905: object SYS.MOYENNE_PRIX_ART is invalid
ORA-06550: line 1, column 7:
PL/SQL: Statement ignored
06550. 00000 -  "line %s, column %s:\n%s"
*Cause:    Usually a PL/SQL compilation error.
*Action:
Ecoulé : 00:00:00.013


=====================================================================
Visualisation des tables COMPARAISON_ART et
COMPARAISON_CHIFFRE_AFFAIRE
=====================================================================

aucune ligne sélectionnée
Ecoulé : 00:00:00.000


aucune ligne sélectionnée
Ecoulé : 00:00:00.003


=====================================================================
>> Requete  : Articles toujours commandï¿½s ensemble
=====================================================================


Table VILPAYSDF supprimé(e).

Ecoulé : 00:00:00.047

Table VILPAYSDF créé(e).

Ecoulé : 00:00:00.026

1 ligne inséré.

Ecoulé : 00:00:00.004

1 ligne inséré.

Ecoulé : 00:00:00.004

1 ligne inséré.

Ecoulé : 00:00:00.004

1 ligne inséré.

Ecoulé : 00:00:00.004

1 ligne inséré.

Ecoulé : 00:00:00.004

1 ligne inséré.

Ecoulé : 00:00:00.000

1 ligne inséré.

Ecoulé : 00:00:00.000

1 ligne inséré.

Ecoulé : 00:00:00.004

1 ligne inséré.

Ecoulé : 00:00:00.004

1 ligne inséré.

Ecoulé : 00:00:00.004

1 ligne inséré.

Ecoulé : 00:00:00.004

1 ligne inséré.

Ecoulé : 00:00:00.004

1 ligne inséré.

Ecoulé : 00:00:00.000

1 ligne inséré.

Ecoulé : 00:00:00.000

1 ligne inséré.

Ecoulé : 00:00:00.001
Validation (commit) terminée.
Ecoulé : 00:00:00.000

ommand                                                                                                                                                                                                                                                                                                                                                                                                                                                                                        Requete:lesarticlesquisonttoujourscommand                                                                                                                                                                                                                                                                                                                                                                                                                                                                                               
                                                                                                                                                                                                                                                                                                                                                                                                                                                                                                                                                                                                                                                                                                                                                                                                                                                                                                                                                                                                                                      
ensemble skip 1        LEFT   =========================================================================                                                                                                                                                                                                                                                                                                                                                                                                                                                                                                                                                                                                                                                                                                                                                                                                                                                                                                                               
0                                                                                                                                                                                                                                                                                                                                                                                                                                                                                                                                                                                                                                                                                                                                                                                                                                                                                                                                                                                                                                     
COL1                 COL2                
-------------------- --------------------
EPINAY-SUR-SEINE     FRANCE              
PARIS                FRANCE              
VILLETANEUSE         FRANCE              
EPINAY-SUR-SEINE                         
EPINAY SUR SEINE     FRANCE              
PARIS                FRANCE              
PARIS                                    
PARIS                FRANCE              
MARSEILLE            FRANCE              
ORLY-VILLE           FRANCE              
MARSEILLE            FRANC               
PARYS                FR                  
EPINAY-SUR-SEINE     FRANCE              
PARIS                france              
Bruxelles            Belgique            

15 lignes sélectionnées. 

Ecoulé : 00:00:00.279

15 lignes mis à jour.

Ecoulé : 00:00:00.004

15 lignes mis à jour.

Ecoulé : 00:00:00.004
Validation (commit) terminée.
Ecoulé : 00:00:00.004

ommand                                                                                                                                                                                                                                                                                                                                                                                                                                                                                        Requete:lesarticlesquisonttoujourscommand                                                                                                                                                                                                                                                                                                                                                                                                                                                                                               
                                                                                                                                                                                                                                                                                                                                                                                                                                                                                                                                                                                                                                                                                                                                                                                                                                                                                                                                                                                                                                      
ensemble skip 1        LEFT   =========================================================================                                                                                                                                                                                                                                                                                                                                                                                                                                                                                                                                                                                                                                                                                                                                                                                                                                                                                                                               
0                                                                                                                                                                                                                                                                                                                                                                                                                                                                                                                                                                                                                                                                                                                                                                                                                                                                                                                                                                                                                                     
COL1                 COL2                
-------------------- --------------------
EPINAY-SUR-SEINE     FRANCE              
PARIS                FRANCE              
VILLETANEUSE         FRANCE              
EPINAY-SUR-SEINE                         
EPINAY SUR SEINE     FRANCE              
PARIS                FRANCE              
PARIS                                    
PARIS                FRANCE              
MARSEILLE            FRANCE              
ORLY-VILLE           FRANCE              
MARSEILLE            FRANC               
PARYS                FR                  
EPINAY-SUR-SEINE     FRANCE              
PARIS                FRANCE              
BRUXELLES            BELGIQUE            

15 lignes sélectionnées. 

Ecoulé : 00:00:00.211

View LISTAVERIFIER_VP créé(e).

Ecoulé : 00:00:00.020

ommand                                                                                                                                                                                                                                                                                                                                                                                                                                                                                        Requete:lesarticlesquisonttoujourscommand                                                                                                                                                                                                                                                                                                                                                                                                                                                                                               
                                                                                                                                                                                                                                                                                                                                                                                                                                                                                                                                                                                                                                                                                                                                                                                                                                                                                                                                                                                                                                      
ensemble skip 1        LEFT   =========================================================================                                                                                                                                                                                                                                                                                                                                                                                                                                                                                                                                                                                                                                                                                                                                                                                                                                                                                                                               
0                                                                                                                                                                                                                                                                                                                                                                                                                                                                                                                                                                                                                                                                                                                                                                                                                                                                                                                                                                                                                                     
VILLE                PAYS                
-------------------- --------------------
MARSEILLE            FRANCE              
ORLY-VILLE           FRANCE              
PARYS                FR                  
MARSEILLE            FRANC               
EPINAY-SUR-SEINE     FRANCE              
PARIS                                    
BRUXELLES            BELGIQUE            
PARIS                FRANCE              
VILLETANEUSE         FRANCE              
EPINAY-SUR-SEINE                         
EPINAY SUR SEINE     FRANCE              

11 lignes sélectionnées. 

Ecoulé : 00:00:00.263

View VERIFDF_VP créé(e).

Ecoulé : 00:00:00.000

ommand                                                                                                                                                                                                                                                                                                                                                                                                                                                                                        Requete:lesarticlesquisonttoujourscommand                                                                                                                                                                                                                                                                                                                                                                                                                                                                                               
                                                                                                                                                                                                                                                                                                                                                                                                                                                                                                                                                                                                                                                                                                                                                                                                                                                                                                                                                                                                                                      
ensemble skip 1        LEFT   =========================================================================                                                                                                                                                                                                                                                                                                                                                                                                                                                                                                                                                                                                                                                                                                                                                                                                                                                                                                                               
0                                                                                                                                                                                                                                                                                                                                                                                                                                                                                                                                                                                                                                                                                                                                                                                                                                                                                                                                                                                                                                     
VILLE                       NBR
-------------------- ----------
BRUXELLES                     1
EPINAY SUR SEINE              1
EPINAY-SUR-SEINE              2
MARSEILLE                     2
ORLY-VILLE                    1
PARIS                         2
PARYS                         1
VILLETANEUSE                  1

8 lignes sélectionnées. 

Ecoulé : 00:00:00.132

ommand                                                                                                                                                                                                                                                                                                                                                                                                                                                                                        Requete:lesarticlesquisonttoujourscommand                                                                                                                                                                                                                                                                                                                                                                                                                                                                                               
                                                                                                                                                                                                                                                                                                                                                                                                                                                                                                                                                                                                                                                                                                                                                                                                                                                                                                                                                                                                                                      
ensemble skip 1        LEFT   =========================================================================                                                                                                                                                                                                                                                                                                                                                                                                                                                                                                                                                                                                                                                                                                                                                                                                                                                                                                                               
0                                                                                                                                                                                                                                                                                                                                                                                                                                                                                                                                                                                                                                                                                                                                                                                                                                                                                                                                                                                                                                     
  MAXOCCUR
----------
         2

Ecoulé : 00:00:00.025

Table TABCLIDS supprimé(e).

Ecoulé : 00:00:00.031

Table TABCLIDS créé(e).

Ecoulé : 00:00:00.016

1 ligne inséré.

Ecoulé : 00:00:00.000

1 ligne inséré.

Ecoulé : 00:00:00.000

Erreur commençant à la ligne: 1 714 de la commande -
INSERT INTO TABCLIDS VALUES ('3000107', 'MOï¿½NSIEUR', 'ONRI', 'PANDA', '2')
Rapport d'erreur -
ORA-12899: value too large for column "SYS"."TABCLIDS"."COL2" (actual: 14, maximum: 12)

Ecoulé : 00:00:00.013

1 ligne inséré.

Ecoulé : 00:00:00.006

1 ligne inséré.

Ecoulé : 00:00:00.000

1 ligne inséré.

Ecoulé : 00:00:00.007

1 ligne inséré.

Ecoulé : 00:00:00.004

1 ligne inséré.

Ecoulé : 00:00:00.004

1 ligne inséré.

Ecoulé : 00:00:00.000

1 ligne inséré.

Ecoulé : 00:00:00.000

1 ligne inséré.

Ecoulé : 00:00:00.000

1 ligne inséré.

Ecoulé : 00:00:00.000

1 ligne inséré.

Ecoulé : 00:00:00.004

1 ligne inséré.

Ecoulé : 00:00:00.003

1 ligne inséré.

Ecoulé : 00:00:00.004

1 ligne inséré.

Ecoulé : 00:00:00.004

1 ligne inséré.

Ecoulé : 00:00:00.004

1 ligne inséré.

Ecoulé : 00:00:00.007

1 ligne inséré.

Ecoulé : 00:00:00.004

1 ligne inséré.

Ecoulé : 00:00:00.000

1 ligne inséré.

Ecoulé : 00:00:00.004

1 ligne inséré.

Ecoulé : 00:00:00.000

1 ligne inséré.

Ecoulé : 00:00:00.004

1 ligne inséré.

Ecoulé : 00:00:00.000

1 ligne inséré.

Ecoulé : 00:00:00.003

1 ligne inséré.

Ecoulé : 00:00:00.000

1 ligne inséré.

Ecoulé : 00:00:00.000

1 ligne inséré.

Ecoulé : 00:00:00.000

1 ligne inséré.

Ecoulé : 00:00:00.000

Erreur commençant à la ligne: 1 741 de la commande -
INSERT INTO TABCLIDS VALUES ('3001777', 'Monsieï¿½r', 'LE BON', 'Adam', '1')
Rapport d'erreur -
ORA-12899: value too large for column "SYS"."TABCLIDS"."COL2" (actual: 13, maximum: 12)

Ecoulé : 00:00:00.005

1 ligne inséré.

Ecoulé : 00:00:00.000

1 ligne inséré.

Ecoulé : 00:00:00.000

1 ligne inséré.

Ecoulé : 00:00:00.000

1 ligne inséré.

Ecoulé : 00:00:00.000

1 ligne inséré.

Ecoulé : 00:00:00.000
Validation (commit) terminée.
Ecoulé : 00:00:00.000

ommand                                                                                                                                                                                                                                                                                                                                                                                                                                                                                        Requete:lesarticlesquisonttoujourscommand                                                                                                                                                                                                                                                                                                                                                                                                                                                                                               
                                                                                                                                                                                                                                                                                                                                                                                                                                                                                                                                                                                                                                                                                                                                                                                                                                                                                                                                                                                                                                      
ensemble skip 1        LEFT   =========================================================================                                                                                                                                                                                                                                                                                                                                                                                                                                                                                                                                                                                                                                                                                                                                                                                                                                                                                                                               
0                                                                                                                                                                                                                                                                                                                                                                                                                                                                                                                                                                                                                                                                                                                                                                                                                                                                                                                                                                                                                                     
    NBRCLI
----------
        33

Ecoulé : 00:00:00.047

ommand                                                                                                                                                                                                                                                                                                                                                                                                                                                                                        Requete:lesarticlesquisonttoujourscommand                                                                                                                                                                                                                                                                                                                                                                                                                                                                                               
                                                                                                                                                                                                                                                                                                                                                                                                                                                                                                                                                                                                                                                                                                                                                                                                                                                                                                                                                                                                                                      
ensemble skip 1        LEFT   =========================================================================                                                                                                                                                                                                                                                                                                                                                                                                                                                                                                                                                                                                                                                                                                                                                                                                                                                                                                                               
0                                                                                                                                                                                                                                                                                                                                                                                                                                                                                                                                                                                                                                                                                                                                                                                                                                                                                                                                                                                                                                     
COL1       COL2         COL3       COL4       C
---------- ------------ ---------- ---------- -
2994570    Madame       RAHMA      CLEMENCE   3
2996100    Monsieur     CLEMENCE   ALEXANDRE  1
2997777    Mademoiselle LE BON     CLEMENTINE 1
299PPPP    Mlle         BON        CLEMENTINE 1
2997007    Monsieur     TRAIFOR    ADAM       2
2998500    Monsieur     CHEVALIER  INES       1
3000106    Monsieur     HARISSA    FORD       1
3000108    Madame       EDITE      FIAT       1
3000109    Madame       TOYOTA     JACKSON    3
3000111    Madame       GENEREUX   EVE        1
3001778    Mr           COURTOIS   Bruno      1
3001779    Monsieur     VANDERHOTE Ivan       1
3001780    Monsieur     Hollanda   Francis    1
3001781    Monsieur     Bernard    Hugues     1
3001782    Monsieur     LATIFOU    Ilyas      1
3001783    Madame       LALLEMAND  Ines       1
3001784    Monsieur     DEUTCH     Hans       1
3001785    Madame       ALMANI     Eve        1
3001786    Madame       MERQUELLE  Ange       1
3001       M.           LE BON     Adam       1
3001777    Mr           LE BON     Adem       1
3001777    Monsieur     LE BON     Adam       1
2998505    Mademoiselle TRAIFOR    ALICE      2
3000110    MADAME       ONRI       HONDA      2
3001777    Monsieur     LE BON     Adam       1
3001777    Monsieur     LE BON     Adam       1
3001777    Monsieur     LE BON     Adam        
3001777    Monsieur     LE BON     Adam       1
2994570    Madame       RAHMA      CLEMENCE   3
2994570    Madame       RAHMA      CLEMENCE   3
2994570    Madame       RAHMA      CLEMENSE   3
2997007                 TRAIFOR    ADAM       2
2997007                 TRAIFOR    ADAM        

33 lignes sélectionnées. 

Ecoulé : 00:00:01.205

Erreur commençant à la ligne: 1 756 de la commande -
SELECT COUNT(DISTINCT *) FROM TABCLIDS
Erreur à la ligne de commande: 1 756 Colonne: 23
Rapport d'erreur -
Erreur SQL : ORA-00936: missing expression
00936. 00000 -  "missing expression"
*Cause:    
*Action:
Ecoulé : 00:00:00.016

ommand                                                                                                                                                                                                                                                                                                                                                                                                                                                                                        Requete:lesarticlesquisonttoujourscommand                                                                                                                                                                                                                                                                                                                                                                                                                                                                                               
                                                                                                                                                                                                                                                                                                                                                                                                                                                                                                                                                                                                                                                                                                                                                                                                                                                                                                                                                                                                                                      
ensemble skip 1        LEFT   =========================================================================                                                                                                                                                                                                                                                                                                                                                                                                                                                                                                                                                                                                                                                                                                                                                                                                                                                                                                                               
0                                                                                                                                                                                                                                                                                                                                                                                                                                                                                                                                                                                                                                                                                                                                                                                                                                                                                                                                                                                                                                     
COL1       COL2         COL3       COL4       C
---------- ------------ ---------- ---------- -
2998500    Monsieur     CHEVALIER  INES       1
3000109    Madame       TOYOTA     JACKSON    3
3001786    Madame       MERQUELLE  Ange       1
3001777    Monsieur     LE BON     Adam       1
3000110    MADAME       ONRI       HONDA      2
2996100    Monsieur     CLEMENCE   ALEXANDRE  1
299PPPP    Mlle         BON        CLEMENTINE 1
3000106    Monsieur     HARISSA    FORD       1
3000111    Madame       GENEREUX   EVE        1
3001       M.           LE BON     Adam       1
3001777    Mr           LE BON     Adem       1
2997777    Mademoiselle LE BON     CLEMENTINE 1
3001784    Monsieur     DEUTCH     Hans       1
3001785    Madame       ALMANI     Eve        1
2994570    Madame       RAHMA      CLEMENCE   3
2997007    Monsieur     TRAIFOR    ADAM       2
3001778    Mr           COURTOIS   Bruno      1
3001779    Monsieur     VANDERHOTE Ivan       1
3001782    Monsieur     LATIFOU    Ilyas      1
2994570    Madame       RAHMA      CLEMENSE   3
2997007                 TRAIFOR    ADAM        
3001780    Monsieur     Hollanda   Francis    1
2997007                 TRAIFOR    ADAM       2
3000108    Madame       EDITE      FIAT       1
3001777    Monsieur     LE BON     Adam        
3001781    Monsieur     Bernard    Hugues     1
3001783    Madame       LALLEMAND  Ines       1
2998505    Mademoiselle TRAIFOR    ALICE      2

28 lignes sélectionnées. 

Ecoulé : 00:00:01.280
aucune ligne sélectionnée
Ecoulé : 00:00:00.004
Validation (commit) terminée.
Ecoulé : 00:00:00.000
