=========================================================
=========================================================

=========================================================
|                                                       |
|     Exercice 2 :  BD GESCOMI avec SQL 2               |
|     Enrichissement du schéma d une BD :               |
|                                                       |
=========================================================


=========================================================
Ceci permet d initialiser le type de la date
=========================================================

Session modifié(e).


Session modifié(e).

=========================================================
Destruction des tables de la bd GESCOMI EN SQL 2
=========================================================


Table DETAILCOM supprimé(e).


Table ARTICLES supprimé(e).


Table COMMANDES supprimé(e).


Table CLIENTS supprimé(e).



=========================================================
Création des tables de la bd GESCOMI EN SQL 2
=========================================================

=========================================================
>> Table : CLIENTS
=========================================================


Table CLIENTS créé(e).



=========================================================
>> Table : COMMANDES
=========================================================


Table COMMANDES créé(e).



=========================================================
>> Table : ARTICLES
=========================================================


Table ARTICLES créé(e).



=========================================================
>> Table : DETAILCOM
=========================================================


Table DETAILCOM créé(e).



=====================================================================
|                                                                   |
|      Historique des mouvements des articles                       |
|                                                                   |
=====================================================================



=========================================================
Il est nécessaire de créer une table qui permet
de garder le prix des articles avant leurs mises à jour.
C est une table qui aura comme colonnes la référence, le nom, le prix
d achat, le prix de vente (prix catalogue) de l article avant la mise
à jour et la date de la mise à jour.
=========================================================


=====================================================================
Il est nécessaire de créer une table HISTORIQUE_MVTS_ARTICLES.
=====================================================================


Erreur commençant à la ligne: 358 de la commande -
DROP TABLE HISTORIQUE_MVTS_ARTICLES
Rapport d'erreur -
ORA-00942: table or view does not exist
00942. 00000 -  "table or view does not exist"
*Cause:    
*Action:

Table HISTORIQUE_MVTS_ARTICLES créé(e).



=====================================================================
>> Trigger sur les mouvements des articles
=====================================================================
=====================================================================
Suppression et création du Trigger.
=====================================================================


Erreur commençant à la ligne: 387 de la commande -
DROP TRIGGER MOUVEMENTS_ARTICLES
Rapport d'erreur -
ORA-04080: trigger 'MOUVEMENTS_ARTICLES' does not exist
04080. 00000 -  "trigger '%s' does not exist"
*Cause:    The TRIGGER name is invalid.
*Action:   Check the trigger name.

Erreur commençant à la ligne: 389 de la commande -
CREATE OR REPLACE TRIGGER MOUVEMENTS_ARTICLES
	AFTER UPDATE OR INSERT OR DELETE ON ARTICLES
	FOR EACH ROW
DECLARE
	V_REFART	VARCHAR2(10)	:= :OLD.REFART;
	V_NOMART	VARCHAR2(50)	:= :OLD.NOMART;
	V_PVART		NUMBER(10, 2)	:= :OLD.PVART;
	V_PAART		NUMBER(10, 2)	:= :OLD.PAART;
	V_QSART		NUMBER(3)	:= :OLD.QSART;

	VI_REFART	VARCHAR2(10)	:= :NEW.REFART;
	VI_NOMART	VARCHAR2(50)	:= :NEW.NOMART;
	VI_PVART	NUMBER(10, 2)	:= :NEW.PVART;
	VI_PAART	NUMBER(10, 2)	:= :NEW.PAART;
	VI_QSART	NUMBER(3)	:= :NEW.QSART;

BEGIN
	IF UPDATING THEN
		INSERT INTO HISTORIQUE_MVTS_ARTICLES (NOMUSER, TYPEMVT, REFART, NOMART, PVART, PAART, QSART, DATMVT)
		VALUES (USER, 'UPDATE', V_REFART, V_NOMART, V_PVART, V_PAART, V_QSART, SYSDATE);
	END IF;

	IF DELETING THEN 
		INSERT INTO HISTORIQUE_MVTS_ARTICLES (NOMUSER, TYPEMVT, REFART, NOMART, PVART, PAART, QSART, DATMVT)
		VALUES (USER, 'DELETE', V_REFART, V_NOMART, V_PVART, V_PAART, V_QSART, SYSDATE);
	END IF;

	IF INSERTING THEN 
		INSERT INTO HISTORIQUE_MVTS_ARTICLES (NOMUSER, TYPEMVT, REFART, NOMART, PVART, PAART, QSART, DATMVT)
		VALUES (USER, 'INSERT', VI_REFART, VI_NOMART, VI_PVART, VI_PAART, VI_QSART, SYSDATE);
	END IF;
END;
Rapport d'erreur -
ORA-04089: cannot create triggers on objects owned by SYS
04089. 00000 -  "cannot create triggers on objects owned by SYS"
*Cause:    An attempt was made to create a trigger on an object owned by SYS.
*Action:   Do not create triggers on objects owned by SYS.

=========================================================
Il est nécessaire de créer une table qui permet
de garder toutes les données sur les clients avant leurs mises à jour.
C est une table qui aura comme colonnes toutes celles de départ avant la mise
à jour et la date de la mise à jour, l''utilisateur ayant fait la lise à jour, etc...
=========================================================


=====================================================================
Il est nécessaire de créer une table HISTORIQUE_MVTS_CLIENTS.
=====================================================================


=====================================================================
Insertion des données de la bd EN SQL 2 POUR UN MAGASIN donné Le FR01 de Paris
=====================================================================

=========================================================
>> Insertion dans la Table : CLIENTS
=========================================================


1 ligne inséré.


1 ligne inséré.


1 ligne inséré.


1 ligne inséré.


1 ligne inséré.


1 ligne inséré.


1 ligne inséré.


1 ligne inséré.


1 ligne inséré.


1 ligne inséré.


1 ligne inséré.


1 ligne inséré.


1 ligne inséré.


1 ligne inséré.


1 ligne inséré.


1 ligne inséré.


1 ligne inséré.


Erreur commençant à la ligne: 561 de la commande -
INSERT INTO CLIENTS (CODCLI, CIVCLI, NOMCLI, PRENCLI, CATCLI, ADNCLI, ADRCLI, CPCLI, VILCLI, PAYSCLI, MAILCLI, TELCLI)
VALUES ('C018', 'Madame', 'CLEMENCE', '', 1, '5', 'RUE DE BELLEVILLE', '75019', 'PARIS', 'FRANCE','clemence.clemence@yahoo.fr', '+33649404077')
Rapport d'erreur -
ORA-02290: check constraint (SYS.NN_CLIENTS_PRENCLI) violated


1 ligne inséré.


1 ligne inséré.


1 ligne inséré.



=========================================================
>> Insertion dans la Table : COMMANDES
=========================================================


1 ligne inséré.


1 ligne inséré.


1 ligne inséré.


1 ligne inséré.


1 ligne inséré.


1 ligne inséré.


Erreur commençant à la ligne: 599 de la commande -
INSERT INTO COMMANDES (NUMCOM, CODCLI, DATCOM)
VALUES ('20031FB', 'C001', 'FRIDAY 14-FEBRURAY-2003')
Rapport d'erreur -
ORA-01841: (full) year must be between -4713 and +9999, and not be 0


1 ligne inséré.


1 ligne inséré.


1 ligne inséré.


1 ligne inséré.


1 ligne inséré.


1 ligne inséré.


1 ligne inséré.


Erreur commençant à la ligne: 623 de la commande -
INSERT INTO COMMANDES (NUMCOM, CODCLI, DATCOM)
VALUES ('20061FB', 'C010', 'FRIDAY 14-FEBRURAY-2003')
Rapport d'erreur -
ORA-01841: (full) year must be between -4713 and +9999, and not be 0


Erreur commençant à la ligne: 626 de la commande -
INSERT INTO COMMANDES (NUMCOM, CODCLI, DATCOM)
VALUES ('20062FB', 'C009', 'FRIDAY 14-FEBRURAY-2003')
Rapport d'erreur -
ORA-01841: (full) year must be between -4713 and +9999, and not be 0


Erreur commençant à la ligne: 629 de la commande -
INSERT INTO COMMANDES (NUMCOM, CODCLI, DATCOM)
VALUES ('20065FB', 'C007', 'FRIDAY 14-FEBRURAY-2003')
Rapport d'erreur -
ORA-01841: (full) year must be between -4713 and +9999, and not be 0


Erreur commençant à la ligne: 632 de la commande -
INSERT INTO COMMANDES (NUMCOM, CODCLI, DATCOM)
VALUES ('20066FB', 'C002', 'FRIDAY 14-FEBRURAY-2003')
Rapport d'erreur -
ORA-01841: (full) year must be between -4713 and +9999, and not be 0


Erreur commençant à la ligne: 635 de la commande -
INSERT INTO COMMANDES (NUMCOM, CODCLI, DATCOM)
VALUES ('20067FB', 'C002', 'FRIDAY 14-FEBRURAY-2003')
Rapport d'erreur -
ORA-01841: (full) year must be between -4713 and +9999, and not be 0


Erreur commençant à la ligne: 638 de la commande -
INSERT INTO COMMANDES (NUMCOM, CODCLI, DATCOM)
VALUES ('20068FB', 'C002', 'FRIDAY 14-FEBRURAY-2003')
Rapport d'erreur -
ORA-01841: (full) year must be between -4713 and +9999, and not be 0


1 ligne inséré.


1 ligne inséré.


1 ligne inséré.


1 ligne inséré.


1 ligne inséré.


1 ligne inséré.


1 ligne inséré.


1 ligne inséré.



=========================================================
>> Insertion dans la Table : ARTICLES
=========================================================


1 ligne inséré.


1 ligne inséré.


1 ligne inséré.


1 ligne inséré.


1 ligne inséré.


1 ligne inséré.


1 ligne inséré.


1 ligne inséré.


1 ligne inséré.


1 ligne inséré.


1 ligne inséré.


1 ligne inséré.


1 ligne inséré.


1 ligne inséré.


1 ligne inséré.


1 ligne inséré.


1 ligne inséré.


1 ligne inséré.


1 ligne inséré.


1 ligne inséré.


1 ligne inséré.


1 ligne inséré.


1 ligne inséré.


1 ligne inséré.


1 ligne inséré.


1 ligne inséré.


1 ligne inséré.


1 ligne inséré.


1 ligne inséré.


1 ligne inséré.



=========================================================
>> Insertion dans la Table : DETAILCOM
=========================================================


1 ligne inséré.


1 ligne inséré.


1 ligne inséré.


1 ligne inséré.


1 ligne inséré.


1 ligne inséré.


1 ligne inséré.


1 ligne inséré.


1 ligne inséré.


1 ligne inséré.


1 ligne inséré.


1 ligne inséré.


1 ligne inséré.


1 ligne inséré.


1 ligne inséré.


1 ligne inséré.


Erreur commençant à la ligne: 820 de la commande -
INSERT INTO DETAILCOM (NUMCOM, REFART, QTCOM, PUART, REMISE)
VALUES ('20031FB', 'F1.008', 2, 3.29, 3.00)
Rapport d'erreur -
ORA-02291: integrity constraint (SYS.FK_DETAILCOM_NUMCOM_COM) violated - parent key not found


Erreur commençant à la ligne: 823 de la commande -
INSERT INTO DETAILCOM (NUMCOM, REFART, QTCOM, PUART, REMISE)
VALUES ('20031FB', 'F2.001', 1, 30.71, 0.00)
Rapport d'erreur -
ORA-02291: integrity constraint (SYS.FK_DETAILCOM_NUMCOM_COM) violated - parent key not found


Erreur commençant à la ligne: 826 de la commande -
INSERT INTO DETAILCOM (NUMCOM, REFART, QTCOM, PUART, REMISE)
VALUES ('20031FB', 'FB.001', 5, 21.00, 0.00)
Rapport d'erreur -
ORA-02291: integrity constraint (SYS.FK_DETAILCOM_NUMCOM_COM) violated - parent key not found


1 ligne inséré.


1 ligne inséré.


1 ligne inséré.


1 ligne inséré.


1 ligne inséré.


1 ligne inséré.


1 ligne inséré.


1 ligne inséré.


1 ligne inséré.


1 ligne inséré.


1 ligne inséré.


1 ligne inséré.


1 ligne inséré.


1 ligne inséré.


1 ligne inséré.


Erreur commençant à la ligne: 874 de la commande -
INSERT INTO DETAILCOM(NUMCOM, REFART, QTCOM, PUART, REMISE)
VALUES ('20061FB', 'FB.003', 5, 24.00, 0.00)
Rapport d'erreur -
ORA-02291: integrity constraint (SYS.FK_DETAILCOM_NUMCOM_COM) violated - parent key not found


Erreur commençant à la ligne: 877 de la commande -
INSERT INTO DETAILCOM(NUMCOM, REFART, QTCOM, PUART, REMISE)
VALUES ('20062FB', 'FB.003', 5, 24.00, 0.00)
Rapport d'erreur -
ORA-02291: integrity constraint (SYS.FK_DETAILCOM_NUMCOM_COM) violated - parent key not found


Erreur commençant à la ligne: 880 de la commande -
INSERT INTO DETAILCOM(NUMCOM, REFART, QTCOM, PUART, REMISE)
VALUES ('20065FB', 'FB.003', 5, 24.00, 0.00)
Rapport d'erreur -
ORA-02291: integrity constraint (SYS.FK_DETAILCOM_NUMCOM_COM) violated - parent key not found


Erreur commençant à la ligne: 883 de la commande -
INSERT INTO DETAILCOM(NUMCOM, REFART, QTCOM, PUART, REMISE)
VALUES ('20066FB', 'FB.003', 5, 24.00, 0.00)
Rapport d'erreur -
ORA-02291: integrity constraint (SYS.FK_DETAILCOM_NUMCOM_COM) violated - parent key not found


Erreur commençant à la ligne: 886 de la commande -
INSERT INTO DETAILCOM(NUMCOM, REFART, QTCOM, PUART, REMISE)
VALUES ('20067FB', 'FB.001', 22, 24.00, 0.00)
Rapport d'erreur -
ORA-02291: integrity constraint (SYS.FK_DETAILCOM_NUMCOM_COM) violated - parent key not found


Erreur commençant à la ligne: 889 de la commande -
INSERT INTO DETAILCOM(NUMCOM, REFART, QTCOM, PUART, REMISE)
VALUES ('20068FB', 'FB.001', 22, 24.00, 0.00)
Rapport d'erreur -
ORA-02291: integrity constraint (SYS.FK_DETAILCOM_NUMCOM_COM) violated - parent key not found


1 ligne inséré.


1 ligne inséré.


1 ligne inséré.


1 ligne inséré.


1 ligne inséré.


1 ligne inséré.


1 ligne inséré.


1 ligne inséré.


1 ligne inséré.


1 ligne inséré.


1 ligne inséré.


Erreur commençant à la ligne: 924 de la commande -
INSERT INTO DETAILCOM(NUMCOM, REFART, QTCOM, PUART, REMISE)
VALUES ('2018001', 'FB.004', 1, 7.43, 0.00)
Rapport d'erreur -
ORA-02291: integrity constraint (SYS.FK_DETAILCOM_REFART_ARTICLES) violated - parent key not found


Erreur commençant à la ligne: 926 de la commande -
INSERT INTO DETAILCOM(NUMCOM, REFART, QTCOM, PUART, REMISE)
VALUES ('2018001', 'FB.005', 1, 4.00, 0.00)
Rapport d'erreur -
ORA-02291: integrity constraint (SYS.FK_DETAILCOM_REFART_ARTICLES) violated - parent key not found


1 ligne inséré.


1 ligne inséré.


1 ligne inséré.


1 ligne inséré.


Erreur commençant à la ligne: 938 de la commande -
INSERT INTO DETAILCOM(NUMCOM, REFART, QTCOM, PUART, REMISE)

INSERT INTO COMMANDES (NUMCOM, CODCLI, DATCOM)
VALUES ('2018003', 'C003', 'MONDAY 17-SEPTEMBER-2018')
Erreur à la ligne de commande: 940 Colonne: 1
Rapport d'erreur -
Erreur SQL : ORA-00926: missing VALUES keyword
00926. 00000 -  "missing VALUES keyword"
*Cause:    
*Action:

Erreur commençant à la ligne: 943 de la commande -
INSERT INTO DETAILCOM(NUMCOM, REFART, QTCOM, PUART, REMISE)
VALUES ('2018003', 'FB.001', 5, 17.77, 0.00)
Rapport d'erreur -
ORA-02291: integrity constraint (SYS.FK_DETAILCOM_NUMCOM_COM) violated - parent key not found


Erreur commençant à la ligne: 945 de la commande -
INSERT INTO DETAILCOM(NUMCOM, REFART, QTCOM, PUART, REMISE)
VALUES ('2018003', 'FB.002', 2, 24.90, 0.00)
Rapport d'erreur -
ORA-02291: integrity constraint (SYS.FK_DETAILCOM_NUMCOM_COM) violated - parent key not found


Erreur commençant à la ligne: 947 de la commande -
INSERT INTO DETAILCOM(NUMCOM, REFART, QTCOM, PUART, REMISE)
VALUES ('2018003', 'FB.003', 1, 24.90, 0.00)
Rapport d'erreur -
ORA-02291: integrity constraint (SYS.FK_DETAILCOM_NUMCOM_COM) violated - parent key not found


Erreur commençant à la ligne: 949 de la commande -
INSERT INTO DETAILCOM(NUMCOM, REFART, QTCOM, PUART, REMISE)
VALUES ('2018003', 'FB.005', 1, 4.00, 0.00)
Rapport d'erreur -
ORA-02291: integrity constraint (SYS.FK_DETAILCOM_REFART_ARTICLES) violated - parent key not found


1 ligne inséré.


1 ligne inséré.


1 ligne inséré.


Erreur commençant à la ligne: 959 de la commande -
INSERT INTO DETAILCOM(NUMCOM, REFART, QTCOM, PUART, REMISE)
VALUES ('2018004', 'FB.004', 3, 7.43, 0.00)
Rapport d'erreur -
ORA-02291: integrity constraint (SYS.FK_DETAILCOM_REFART_ARTICLES) violated - parent key not found


Erreur commençant à la ligne: 961 de la commande -
INSERT INTO DETAILCOM(NUMCOM, REFART, QTCOM, PUART, REMISE)
VALUES ('2018004', 'FB.005', 4, 4.00, 0.00)
Rapport d'erreur -
ORA-02291: integrity constraint (SYS.FK_DETAILCOM_REFART_ARTICLES) violated - parent key not found


1 ligne inséré.


Erreur commençant à la ligne: 967 de la commande -
INSERT INTO DETAILCOM(NUMCOM, REFART, QTCOM, PUART, REMISE)
VALUES ('2018005', 'FB.006', 1, 2.29, 0.00)
Rapport d'erreur -
ORA-02291: integrity constraint (SYS.FK_DETAILCOM_REFART_ARTICLES) violated - parent key not found


Erreur commençant à la ligne: 969 de la commande -
INSERT INTO DETAILCOM(NUMCOM, REFART, QTCOM, PUART, REMISE)
VALUES ('2018005', 'FB.007', 1, 5.00, 0.00)
Rapport d'erreur -
ORA-02291: integrity constraint (SYS.FK_DETAILCOM_REFART_ARTICLES) violated - parent key not found


Erreur commençant à la ligne: 971 de la commande -
INSERT INTO DETAILCOM(NUMCOM, REFART, QTCOM, PUART, REMISE)
VALUES ('2018005', 'FB.008', 1, 3.29, 0.00)
Rapport d'erreur -
ORA-02291: integrity constraint (SYS.FK_DETAILCOM_REFART_ARTICLES) violated - parent key not found


1 ligne inséré.


Erreur commençant à la ligne: 977 de la commande -
INSERT INTO DETAILCOM(NUMCOM, REFART, QTCOM, PUART, REMISE)
VALUES ('2018006', 'FB.006', 1, 2.29, 0.00)
Rapport d'erreur -
ORA-02291: integrity constraint (SYS.FK_DETAILCOM_REFART_ARTICLES) violated - parent key not found


Erreur commençant à la ligne: 979 de la commande -
INSERT INTO DETAILCOM(NUMCOM, REFART, QTCOM, PUART, REMISE)
VALUES ('2018006', 'FB.007', 1, 5.00, 0.00)
Rapport d'erreur -
ORA-02291: integrity constraint (SYS.FK_DETAILCOM_REFART_ARTICLES) violated - parent key not found


1 ligne inséré.


1 ligne inséré.


Erreur commençant à la ligne: 987 de la commande -
INSERT INTO DETAILCOM(NUMCOM, REFART, QTCOM, PUART, REMISE)
VALUES ('2018007', 'FB.009', 2, 37.86, 0.00)
Rapport d'erreur -
ORA-02291: integrity constraint (SYS.FK_DETAILCOM_REFART_ARTICLES) violated - parent key not found


Erreur commençant à la ligne: 989 de la commande -
INSERT INTO DETAILCOM(NUMCOM, REFART, QTCOM, PUART, REMISE)
VALUES ('2018007', 'FB.010', 2, 30.71, 0.00)
Rapport d'erreur -
ORA-02291: integrity constraint (SYS.FK_DETAILCOM_REFART_ARTICLES) violated - parent key not found


1 ligne inséré.


1 ligne inséré.


Erreur commençant à la ligne: 997 de la commande -
INSERT INTO DETAILCOM(NUMCOM, REFART, QTCOM, PUART, REMISE)
VALUES ('2018008', 'FB.009', 2, 37.86, 0.00)
Rapport d'erreur -
ORA-02291: integrity constraint (SYS.FK_DETAILCOM_REFART_ARTICLES) violated - parent key not found


1 ligne inséré.


1 ligne inséré.


Erreur commençant à la ligne: 1 005 de la commande -
INSERT INTO DETAILCOM(NUMCOM, REFART, QTCOM, PUART, REMISE)
VALUES ('2018009', 'FB.009', 2, 37.86, 0.00)
Rapport d'erreur -
ORA-02291: integrity constraint (SYS.FK_DETAILCOM_REFART_ARTICLES) violated - parent key not found


Erreur commençant à la ligne: 1 007 de la commande -
INSERT INTO DETAILCOM(NUMCOM, REFART, QTCOM, PUART, REMISE)
VALUES ('2018009', 'FB.010', 1, 30.71, 0.00)
Rapport d'erreur -
ORA-02291: integrity constraint (SYS.FK_DETAILCOM_REFART_ARTICLES) violated - parent key not found


1 ligne inséré.


1 ligne inséré.


1 ligne inséré.


Erreur commençant à la ligne: 1 017 de la commande -
INSERT INTO DETAILCOM(NUMCOM, REFART, QTCOM, PUART, REMISE)
VALUES ('2018010', 'FB.006', 4, 2.29, 0.00)
Rapport d'erreur -
ORA-02291: integrity constraint (SYS.FK_DETAILCOM_REFART_ARTICLES) violated - parent key not found


1 ligne inséré.


1 ligne inséré.


1 ligne inséré.


Erreur commençant à la ligne: 1 027 de la commande -
INSERT INTO DETAILCOM(NUMCOM, REFART, QTCOM, PUART, REMISE)
VALUES ('2018011', 'FB.006', 4, 2.29, 0.00)
Rapport d'erreur -
ORA-02291: integrity constraint (SYS.FK_DETAILCOM_REFART_ARTICLES) violated - parent key not found


Erreur commençant à la ligne: 1 029 de la commande -
INSERT INTO DETAILCOM(NUMCOM, REFART, QTCOM, PUART, REMISE)
VALUES ('2018011', 'FB.007', 5, 5.00, 0.00)
Rapport d'erreur -
ORA-02291: integrity constraint (SYS.FK_DETAILCOM_REFART_ARTICLES) violated - parent key not found


1 ligne inséré.


Erreur commençant à la ligne: 1 035 de la commande -
INSERT INTO DETAILCOM(NUMCOM, REFART, QTCOM, PUART, REMISE)
VALUES ('2018012', 'FB.004', 3, 7.43, 0.00)
Rapport d'erreur -
ORA-02291: integrity constraint (SYS.FK_DETAILCOM_REFART_ARTICLES) violated - parent key not found


Erreur commençant à la ligne: 1 037 de la commande -
INSERT INTO DETAILCOM(NUMCOM, REFART, QTCOM, PUART, REMISE)
VALUES ('2018012', 'FB.006', 1, 2.29, 0.00)
Rapport d'erreur -
ORA-02291: integrity constraint (SYS.FK_DETAILCOM_REFART_ARTICLES) violated - parent key not found


Erreur commençant à la ligne: 1 039 de la commande -
INSERT INTO DETAILCOM(NUMCOM, REFART, QTCOM, PUART, REMISE)
VALUES ('2018012', 'FB.009', 1, 37.86, 0.00)
Rapport d'erreur -
ORA-02291: integrity constraint (SYS.FK_DETAILCOM_REFART_ARTICLES) violated - parent key not found


1 ligne inséré.


Erreur commençant à la ligne: 1 045 de la commande -
INSERT INTO DETAILCOM(NUMCOM, REFART, QTCOM, PUART, REMISE)
VALUES ('2018013', 'FB.004', 1, 7.43, 0.00)
Rapport d'erreur -
ORA-02291: integrity constraint (SYS.FK_DETAILCOM_REFART_ARTICLES) violated - parent key not found


Erreur commençant à la ligne: 1 047 de la commande -
INSERT INTO DETAILCOM(NUMCOM, REFART, QTCOM, PUART, REMISE)
VALUES ('2018013', 'FB.009', 1, 37.86, 0.00)
Rapport d'erreur -
ORA-02291: integrity constraint (SYS.FK_DETAILCOM_REFART_ARTICLES) violated - parent key not found


1 ligne inséré.


Erreur commençant à la ligne: 1 053 de la commande -
INSERT INTO DETAILCOM(NUMCOM, REFART, QTCOM, PUART, REMISE)
VALUES ('2018014', 'FB.011', 1, 80.71, 0.00)
Rapport d'erreur -
ORA-02291: integrity constraint (SYS.FK_DETAILCOM_REFART_ARTICLES) violated - parent key not found


1 ligne inséré.


1 ligne inséré.

=========================================================
Validation des insertions dans la bd EN SQL 2
=========================================================
Validation (commit) terminée.


=========================================================
Affichage des tables de la bd EN SQL 2
=========================================================

CODCLI CIVCLI   NOMCLI   PRENCLI  CATCLI ADNCLI ADRCLI     CPCLI VILCLI PAYSCLI MAILCLI    TELCLI    
------ -------- -------- -------- ------ ------ ---------- ----- ------ ------- ---------- ----------
C001   Madame   CLEM@ENT EVE           1 18     BOULEVARD  91000 EPINAY FRANCE  eve.clemen +337778899
                                                FOCH             -SUR-O         t@gmail.co 11        
                                                                 RGE            m                    

C002   Madame   LESEUL   MARIE         1 21     AVENUE D I 75013 PARIS  FRANCE  marieleseu 0617586565
                                                TALIE                           l@yahoo.fr           

C003   Madame   UNIQUE   MARINE        2 77     RUE DE LA  13001 MARCHE FRANCE  munique@gm +337778899
                                                LIBERTE          ILLE           ail.com    22        

C004   Madame   CLEMENCE EVELYNE       3 8 BIS  BOULEVARD  93800 EPINAY FRANCE  clemence e +337778899
                                                FOCH             -SUR-S         velyne@gma 33        
                                                                 EINE           il.com               

C005   Madame   FORT     JEANNE        3 55     RUE DU JAP 94310 ORLY-V FRANCE  jfort\@hot +337778899
                                                ON               ILLE           mail.fr    44        

C006   Mademois LE BON   CLEMENCE      1 18     BOULEVARD  93800 EPINAY FRANCE  clemence.l 0033777889
       elle                                     FOCH             -SUR-S         e bon@cfo. 955       
                                                                 EINE           fr                   

C007   Mademois TRAIFOR  ALICE         2 6      RUE DE LA  75015 PARIS  FRANCE  alice.trai +337778899
       elle                                     ROSIERE                         for@yahoo. 66        
                                                                                fr                   

C008   Monsieur VIVANT   JEAN-BAP      1 13     RUE DE LA  93800 EPINAY FRANCE  jeanbaptis 0607      
                         TISTE                  PAIX             -SUR-S         te@                  
                                                                 EINE                                

C009   Monsieur CLEMENCE ALEXANDR      1 5      RUE DE BEL 75019 PARIS  FRANCE  alexandre. +331494040
                         E                      LEVILLE                         clemence@u 71        
                                                                                p13.fr               

C010   Monsieur TRAIFOR  ALEXANDR      1 16     AVENUE FOC 75016 PARIS  FRA     alexandre. 06070809  
                         E                      H                               traifor@up           
                                                                                13.fr                

C011   Monsieur PREMIER  JOS//EPH      2 77     RUE DE LA  13001 MARSEI FRANCE  josef@prem +337778899
                                                LIBERTE          LLE            ier        77        

C012   Monsieur CLEMENT  ADAM          2 13     AVENUE JEA 9430  VILLET FRANCE  adam.cleme +331494040
                                                N BAPTISTE       ANEUSE         nt@gmail.c 72        
                                                 CLEMENT                        om                   

C013   Monsieur FORT     GABRIEL       5 1      AVENUE DE  99000 TUNIS  TUNISIE gabriel.fo +216248017
                                                CARTAGE                         rt@yahoo.f 77        
                                                                                r                    

C014   Monsieur ADAM     DAVID         5 1      AVENUE DE  99001 ROME   ITALIE  david.adam           
                                                ROME                            é@gmail co           
                                                                                m                    

C015   Monsieur Labsent  pala          7 1      rue des ab 000   BAGDAD IRAQ    pala-labse           
                                                sents                           nt@paici             

C016   Monsieur CLEMENCE CLEMENT       1 5      RUE DE BEL 75019 PARIS  FRANCE  clement.cl +336494040
                                                LEVILLE                         emence@yah 71        
                                                                                oo.fr                

C017   Madame   CLEMENCE CLEMENCE      1 5      RUE DE BEL 75019 PARIS  FRANCE  clemence.c +336494040
                                                LEVILLE                         lemence@ya 71        
                                                                                hoo.fr               

C019   Monsieur TRAIFOR  SAMI          1 16     AVENUE FOC 75016 PARIS  FRANCE  sami.traif 06070899  
                                                H                               or@gmail.c           
                                                                                om                   

C055   Madame   obsolete kadym         7 1      rue des an 000   CARTHA IFRIQIA inexistant inexistant
                                                ciens            GE                                  

C056   Madame   RAHYM    KARYM         1 1      RUE DES GE 1000  CARTHA TUNISIE karym.rahy +216248084
                                                NTILS            GE             m@gmail.co 44        
                                                                                m                    


20 lignes sélectionnées. 

Ecoulé : 00:00:00.181



NUMCOM     CODCLI DATCOM                      
---------- ------ ----------------------------
20001AB    C012   DIMANCHE 17-SEPTEMBRE-2000  
20002AB    C001   DIMANCHE 17-SEPTEMBRE-2000  
20003AB    C006   LUNDI    16-OCTOBRE  -2000  
20004AB    C006   MARDI    24-OCTOBRE  -2000  
20011RB    C012   LUNDI    22-JANVIER  -2001  
20012RB    C012   MARDI    13-MARS     -2001  
20051FB    C003   VENDREDI 07-JANVIER  -2005  
20052FB    C003   MERCREDI 12-JANVIER  -2005  
20053FB    C012   JEUDI    10-MARS     -2005  
20054FB    C007   LUNDI    14-MARS     -2005  
20055FB    C012   VENDREDI 11-MARS     -2005  
20056FB    C013   LUNDI    14-MARS     -2005  
20057FB    C014   VENDREDI 11-MARS     -2005  
20069FB    C002   MARDI    30-JANVIER  -2007  
20070FB    C002   MARDI    30-JANVIER  -2007  
20071FB    C013   MARDI    30-JANVIER  -2007  
20072FB    C013   MARDI    30-JANVIER  -2007  
20073FB    C014   MARDI    30-JANVIER  -2007  
20074FB    C014   MARDI    30-JANVIER  -2007  
20184FB    C014   LUNDI    17-SEPTEMBRE-2018  
20181AB    C012   LUNDI    17-SEPTEMBRE-2018  
2018001    C001   LUNDI    17-SEPTEMBRE-2018  
2018002    C002   LUNDI    17-SEPTEMBRE-2018  
2018004    C004   LUNDI    17-SEPTEMBRE-2018  
2018005    C006   VENDREDI 21-SEPTEMBRE-2018  
2018006    C007   VENDREDI 21-SEPTEMBRE-2018  
2018007    C009   VENDREDI 21-SEPTEMBRE-2018  
2018008    C010   VENDREDI 21-SEPTEMBRE-2018  
2018009    C011   VENDREDI 21-SEPTEMBRE-2018  
2018010    C013   LUNDI    17-SEPTEMBRE-2018  
2018011    C014   LUNDI    17-SEPTEMBRE-2018  
2018012    C016   VENDREDI 21-SEPTEMBRE-2018  
2018013    C017   VENDREDI 21-SEPTEMBRE-2018  
2018014    C019   VENDREDI 21-SEPTEMBRE-2018  
2018015    C001   LUNDI    24-SEPTEMBRE-2018  

35 lignes sélectionnées. 

Ecoulé : 00:00:00.100



REFART   NOMART                      PVART QSART   PAART
-------- ------------------------- ------- ----- -------
F1.001   SIEGE DE TABLE              35.00    10   26.43
F1.002   CASQUE CYCLISTE PROTECTIO   27.00    20   20.00
         N                                              

F1.003   BONNET PARE-CHOCS           10.71 ###      5.71
F1.004   STORE DE PROTECTION          7.43     5    4.29
F1.005   COINS DE PROTECTION          4.00 ###      1.71
F1.006   CACHE PRISE DE COURANT       2.29 ###       .71
F1.007   BLOQUE PORTE                 5.00     4    2.29
F1.008   BANDE DE FERMETURE           3.29     4    1.71
F1.009   PROTECTION DE FOUR          37.86    10   26.43
F1.010   PROTECTION DE CUISINIERE    30.71    10   22.86
F1.011   BABY PHONE                  80.71     3   45.71
F1.012   BRETELLE DE SECURITE        15.57     8   11.43
F1.013   HAUSSE-CHAISE               42.71     1   25.43
F1.014   COUVRE ROBINETTERIE          7.86    12    4.29
F2.001   BARRIERE DE PORTE, EN BOI   32.71     2   25.71
         S                                              

F2.002   BARRIERE DE PORTE, EN MET   49.14     3   28.43
         AL                                             

F2.003   BARRIERE DE LIT             23.71    10   15.71
F2.004   PORTE-BEBE                  44.86     6   34.29
F2.005   SIEGE-AUTO COSMOS          126.86     2   71.43
F2.006   SIEGE-AUTO EUROSEAT        121.29     2   71.43
FB.001   DVD-SPIRIT                  24.90     2   12.00
FB.002   DVD-SPIDER MAN              24.90     2   12.00
FB.003   DVD-SPIDER MAN 2            24.90     2   12.00
WD.001   K7 VIDEO-TOY STORY          21.29    10    9.29
WD.002   DVD-TOY STORY 2             34.29    10   12.14
WD.003   K7 VIDEO-WINNIE L OURSON    22.86     5    9.29
WD.004   DVD-FRERES DES OURS         35.00     3   13.00
WD.005   K7 VIDEO-LE ROI LION        30.00     1   13.00
WD.006   K7 VIDEO-LE ROI LION 2      30.00     4   13.00
WD.007   K7 VIDEO-LE ROI LION 3      30.00     3   13.00

30 lignes sélectionnées. 

Ecoulé : 00:00:00.030



NUMCOM     REFART   QTCOM   PUART  REMISE
---------- -------- ----- ------- -------
20001AB    F1.001       2   35.00    2.50
20001AB    F1.003       4   10.71    3.00
20001AB    F1.013       2   49.14     .00
20001AB    WD.001       1   21.29     .00
20002AB    F1.001       2   33.00    3.00
20002AB    WD.001       1   21.29     .00
20002AB    WD.002       1   34.29     .00
20002AB    WD.003       1   22.86     .00
20003AB    FB.001       5   21.00    4.00
20003AB    WD.002       1   34.29     .00
20003AB    WD.003       1   22.86     .00
20004AB    F1.008       2    3.29    3.50
20004AB    WD.001       1   21.29    2.50
20012RB    F1.007       5    5.00    3.00
20012RB    F1.009       1   37.86     .00
20012RB    FB.003       5   24.00     .00
20051FB    F1.008       2    3.29     .00
20051FB    FB.001       5   21.00    4.00
20052FB    F1.001       2   35.00     .00
20052FB    F1.003       4   10.71     .00
20052FB    F1.013       2   49.14    3.50
20052FB    WD.001       1   21.29     .00
20052FB    WD.003       1   22.86     .00
20053FB    WD.003       1   22.86     .00
20054FB    WD.003       1   22.86     .00
20055FB    F1.008       5    3.29     .00
20055FB    F1.009       1   37.86     .00
20055FB    F1.011       2   80.71     .00
20055FB    F2.001       1   30.71     .00
20056FB    F1.011       2   80.71     .00
20057FB    F2.001       1   30.71     .00
20069FB    FB.001      25   58.00     .00
20070FB    FB.001      50   24.00     .00
20071FB    FB.001      37   27.90     .00
20072FB    FB.001       8   34.00     .00
20073FB    FB.001      35   15.50     .00
20074FB    FB.001      12   19.99     .00
20181AB    FB.001       7   17.77     .00
2018001    FB.001       2   17.77     .00
2018001    FB.002       3   24.90     .00
2018001    FB.003       1   24.90     .00
2018002    FB.001       1   17.77     .00
2018002    FB.002       1   24.90     .00
2018002    FB.003       1   24.90     .00
2018004    FB.002       3   24.90     .00
2018004    FB.003       3   24.90     .00
2018007    FB.001       5   17.77     .00
2018008    FB.001       1   17.77     .00
2018009    FB.001       2   17.77     .00
2018010    FB.001       3   17.77     .00
2018010    FB.002       1   24.90     .00
2018011    FB.001       2   17.77     .00
2018011    FB.002       1   24.90     .00
2018015    FB.001       6   17.77     .00

54 lignes sélectionnées. 

Ecoulé : 00:00:00.056




=========================================================
Exemple avec 2 insertions et 2 mises à jour dans la table ARTICLES
=========================================================


0 lignes supprimé.

Ecoulé : 00:00:00.003

1 ligne inséré.

Ecoulé : 00:00:00.003

0 lignes supprimé.

Ecoulé : 00:00:00.003

1 ligne inséré.

Ecoulé : 00:00:00.003


=========================================================
Visualisation des articles insérés dans ARTICLES
=========================================================

ins                                                                                                                                                                                                                                                                                                                                                                                                                                                                                                  Visualisationdesarticlesins                                                                                                                                                                                                                                                                                                                                                                                                                                                                                                      
                                                                                                                                                                                                                                                                                                                                                                                                                                                                                                                                                                                                                                                                                                                                                                                                                                                                                                                                                                                                                                      
ARTICLES skip 1        LEFT   =========================================================================                                                                                                                                                                                                                                                                                                                                                                                                                                                                                                                                                                                                                                                                                                                                                                                                                                                                                                                               
0                                                                                                                                                                                                                                                                                                                                                                                                                                                                                                                                                                                                                                                                                                                                                                                                                                                                                                                                                                                                                                     
REFART NOMART                     PVART QSART  PAART
------ ------------------------- ------ ----- ------
WD.010 K7 VIDEO-Exemple de k7     30.00     3  13.00
WD.011 Exemple de DVD             25.00     5  10.00

Ecoulé : 00:00:00.074


=========================================================
MAJ des articles dans ARTICLES
=========================================================


1 ligne mis à jour.

Ecoulé : 00:00:00.003

1 ligne mis à jour.

Ecoulé : 00:00:00.004


=====================================================================
Visualisation des 2 articles MAJ dans ARTICLES
=====================================================================


                                                                                                                                                                                                                                                                                                                                                                                                                                                                                            Visualisation des 2 articles MAJ dans ARTICLES                                                                                                                                                                                                                                                                                                                                                                                                                                                                                            
=========================================================================                                                                                                                                                                                                                                                                                                                                                                                                                                                                                                                                                                                                                                                                                                                                                                                                                                                                                                                                                             
                                                                                                                                                                                                                                                                                                                                                                                                                                                                                                                                                                                                                                                                                                                                                                                                                                                                                                                                                                                                                                      
REFART NOMART                     PVART QSART  PAART
------ ------------------------- ------ ----- ------
WD.010 K7 VIDEO-Exemple de k7     45.00     3  15.00
WD.011 Exemple de DVD              2.00     5  10.00

Ecoulé : 00:00:00.026


=====================================================================
Visualisation de la table HISTORIQUE_PRIX
=====================================================================


Erreur commençant à la ligne: 1 250 de la commande -
SELECT	*
FROM	HISTORIQUE_PRIX
Erreur à la ligne de commande: 1 251 Colonne: 6
Rapport d'erreur -
Erreur SQL : ORA-00942: table or view does not exist
00942. 00000 -  "table or view does not exist"
*Cause:    
*Action:
Ecoulé : 00:00:00.016



=====================================================================
|                                                                   |
|      Historique des mouvements des articles                       |
|                                                                   |
=====================================================================




=====================================================================
Suppression et Insertion dans la table ARTICLES (par user-X par exemple)
=====================================================================


0 lignes supprimé.

Ecoulé : 00:00:00.003

1 ligne inséré.

Ecoulé : 00:00:00.003
=====================================================================
Mouvements dans la table ARTICLES effectués par des utilisateurs
externes: user-y et user-X
=====================================================================



=====================================================================
Visualisation de la table HISTORIQUE_MVTS_ARTICLES
=====================================================================

aucune ligne sélectionnée
Ecoulé : 00:00:00.004


=====================================================================
Suppression et insertion dans la table ARTICLES.
=====================================================================


1 ligne supprimé.

Ecoulé : 00:00:00.004

1 ligne inséré.

Ecoulé : 00:00:00.004

1 ligne inséré.

Ecoulé : 00:00:00.003
Validation (commit) terminée.
Ecoulé : 00:00:00.001
=====================================================================
Visualisation de la table HISTORIQUE_MVTS_ARTICLES
=====================================================================

aucune ligne sélectionnée
Ecoulé : 00:00:00.003



=====================================================================
|                                                                   |
|      Historique des mouvements des articles                       |
|                                                                   |
=====================================================================


=====================================================================
Mise à jour dans la table ARTICLES pour effectuer les tests.
=====================================================================


1 ligne mis à jour.

Ecoulé : 00:00:00.003

1 ligne mis à jour.

Ecoulé : 00:00:00.002

1 ligne mis à jour.

Ecoulé : 00:00:00.003
Validation (commit) terminée.
Ecoulé : 00:00:00.002
=====================================================================
Visualisation de la table HISTORIQUE_MVTS_ARTICLES
=====================================================================

aucune ligne sélectionnée
Ecoulé : 00:00:00.002
=====================================================================
Suppression et creation de la table comparaison_art
Cette table va permettre de stocker les mouvements dans
la table ARTICLES, pendant une période. Tout ça pour pouvoir ensuite
étudier l impact de ces mouvements sur le chiffre d affaires durant
la période considérée.
=====================================================================


Table COMPARAISON_ART supprimé(e).

Ecoulé : 00:00:00.014

Table COMPARAISON_ART créé(e).

Ecoulé : 00:00:00.009


=====================================================================
Suppression et creation de la table comparaison_chiffre_affaires.
Cette table va permettre de stocker les informations concernant
le chiffre d affaires moyen des différents pays avant la période où
l on a décidé de regarder l impact des mouvements effectués sur
la table ARTICLES. De garder aussi le chiffre d affaires durant
la période considérée. Et aussi, d inscrire la variation au niveau
des chiffres d affaires.
=====================================================================


Table COMPARAISON_CHIFFRE_AFFAIRES supprimé(e).

Ecoulé : 00:00:00.017

Table COMPARAISON_CHIFFRE_AFFAIRES créé(e).

Ecoulé : 00:00:00.009


=====================================================================
Creation de vue VUE_ART permettant de garder pour chaque article
de la table ARTICLES son prix de vente moyen, son prix d achat moyen
et sa quantité en stock moyen.
=====================================================================


View VUE_ART créé(e).

Ecoulé : 00:00:00.025


=====================================================================
Creation de vue VUE_MVTS_ART permettant de garder pour chaque article
de la table HISTORIQUE_MVTS_ARTICLES son prix de vente moyen, son
prix d achat moyen et sa quantité en stock moyen.
=====================================================================


View VUE_MVTS_ART créé(e).

Ecoulé : 00:00:00.013


=====================================================================
Creation de vue CHIFFRE_AFFAIRES_AVANT permettant de calculer le
chiffre d affaires de chaque pays avant une période considérée.
=====================================================================


View CHIFFRE_AFFAIRES_AVANT créé(e).

Ecoulé : 00:00:00.013


=====================================================================
Creation de vue CHIFFRE_AFFAIRES_APRES permettant de calculer le
chiffre d affaires de chaque pays durant la période considérée.
=====================================================================


Erreur commençant à la ligne: 1 521 de la commande -
CREATE OR REPLACE VIEW CHIFFRE_AFFAIRES_APRES (PAYSCLI, CHIFFAFF, ) AS 
(
	SELECT	cl.PAYSCLI, SUM((d.PUART*d.QTCOM) * (1-(d.REMISE/100))) as chiffre_affaires 
	FROM	DETAILCOM d, CLIENTS cl, COMMANDES c
	WHERE	d.NUMCOM  = c.NUMCOM
	AND	cl.CODCLI = c.CODCLI
	AND	EXTRACT(YEAR FROM c.DATCOM) BETWEEN 2006 AND 2007
	GROUP BY cl.PAYSCLI
)
Rapport d'erreur -
ORA-00904: : invalid identifier
00904. 00000 -  "%s: invalid identifier"
*Cause:    
*Action:
Ecoulé : 00:00:00.011


=====================================================================
Creation de procedure MOYENNE_PRIX_ART permettant de calculer le prix
moyen d achat et de vente, et la quantité moyenne en stock de chaque
article. Et ensuite de calculer le chiffre d affaires avant et pendant
une période considérée. Tout cela pour savoir si les mouvements
effectués, durant une période considérée, sur la table ARTICLES ont
apporté plus ou moins d argent.
=====================================================================


Elément Procedure MOYENNE_PRIX_ART compilé

Erreurs : consulter le journal du compilateur
Ecoulé : 00:00:00.149


=====================================================================
Execution de procedure
=====================================================================


Erreur commençant à la ligne: 1 614 de la commande -
BEGIN MOYENNE_PRIX_ART; END;
Rapport d'erreur -
ORA-06550: line 1, column 7:
PLS-00905: object SYS.MOYENNE_PRIX_ART is invalid
ORA-06550: line 1, column 7:
PL/SQL: Statement ignored
06550. 00000 -  "line %s, column %s:\n%s"
*Cause:    Usually a PL/SQL compilation error.
*Action:
Ecoulé : 00:00:00.039


=====================================================================
Visualisation des tables COMPARAISON_ART et
COMPARAISON_CHIFFRE_AFFAIRES
=====================================================================

aucune ligne sélectionnée
Ecoulé : 00:00:00.002


aucune ligne sélectionnée
Ecoulé : 00:00:00.003


=====================================================================
>> Requete  : Articles toujours commandés ensemble
=====================================================================


Table VILPAYSDF supprimé(e).

Ecoulé : 00:00:00.011

Table VILPAYSDF créé(e).

Ecoulé : 00:00:00.005

1 ligne inséré.

Ecoulé : 00:00:00.001

1 ligne inséré.

Ecoulé : 00:00:00.001

1 ligne inséré.

Ecoulé : 00:00:00.002

1 ligne inséré.

Ecoulé : 00:00:00.002

1 ligne inséré.

Ecoulé : 00:00:00.001

1 ligne inséré.

Ecoulé : 00:00:00.001

1 ligne inséré.

Ecoulé : 00:00:00.002

1 ligne inséré.

Ecoulé : 00:00:00.001

1 ligne inséré.

Ecoulé : 00:00:00.002

1 ligne inséré.

Ecoulé : 00:00:00.002

1 ligne inséré.

Ecoulé : 00:00:00.002

1 ligne inséré.

Ecoulé : 00:00:00.002

1 ligne inséré.

Ecoulé : 00:00:00.001

1 ligne inséré.

Ecoulé : 00:00:00.001

1 ligne inséré.

Ecoulé : 00:00:00.001
Validation (commit) terminée.
Ecoulé : 00:00:00.001

ommand                                                                                                                                                                                                                                                                                                                                                                                                                                                                                        Requete:lesarticlesquisonttoujourscommand                                                                                                                                                                                                                                                                                                                                                                                                                                                                                               
emble skip 1        LEFT   =========================================================================                                                                                                                                                                                                                                                                                                                                                                                                                                                                                                                                                                                                                                                                                                                                                                                                                                                                                                                                  
0                                                                                                                                                                                                                                                                                                                                                                                                                                                                                                                                                                                                                                                                                                                                                                                                                                                                                                                                                                                                                                     
COL1                 COL2                
-------------------- --------------------
EPINAY-SUR-SEINE     FRANCE              
PARIS                FRANCE              
VILLETANEUSE         FRANCE              
EPINAY-SUR-SEINE                         
EPINAY SUR SEINE     FRANCE              
PARIS                FRANCE              
PARIS                                    
PARIS                FRANCE              
MARSEILLE            FRANCE              
ORLY-VILLE           FRANCE              
MARSEILLE            FRANC               
PARYS                FR                  
EPINAY-SUR-SEINE     FRANCE              
PARIS                france              
Bruxelles            Belgique            

15 lignes sélectionnées. 

Ecoulé : 00:00:00.195

15 lignes mis à jour.

Ecoulé : 00:00:00.002

15 lignes mis à jour.

Ecoulé : 00:00:00.004
Validation (commit) terminée.
Ecoulé : 00:00:00.001

ommand                                                                                                                                                                                                                                                                                                                                                                                                                                                                                        Requete:lesarticlesquisonttoujourscommand                                                                                                                                                                                                                                                                                                                                                                                                                                                                                               
emble skip 1        LEFT   =========================================================================                                                                                                                                                                                                                                                                                                                                                                                                                                                                                                                                                                                                                                                                                                                                                                                                                                                                                                                                  
0                                                                                                                                                                                                                                                                                                                                                                                                                                                                                                                                                                                                                                                                                                                                                                                                                                                                                                                                                                                                                                     
COL1                 COL2                
-------------------- --------------------
EPINAY-SUR-SEINE     FRANCE              
PARIS                FRANCE              
VILLETANEUSE         FRANCE              
EPINAY-SUR-SEINE                         
EPINAY SUR SEINE     FRANCE              
PARIS                FRANCE              
PARIS                                    
PARIS                FRANCE              
MARSEILLE            FRANCE              
ORLY-VILLE           FRANCE              
MARSEILLE            FRANC               
PARYS                FR                  
EPINAY-SUR-SEINE     FRANCE              
PARIS                FRANCE              
BRUXELLES            BELGIQUE            

15 lignes sélectionnées. 

Ecoulé : 00:00:00.180

View LISTAVERIFIER_VP créé(e).

Ecoulé : 00:00:00.009

ommand                                                                                                                                                                                                                                                                                                                                                                                                                                                                                        Requete:lesarticlesquisonttoujourscommand                                                                                                                                                                                                                                                                                                                                                                                                                                                                                               
emble skip 1        LEFT   =========================================================================                                                                                                                                                                                                                                                                                                                                                                                                                                                                                                                                                                                                                                                                                                                                                                                                                                                                                                                                  
0                                                                                                                                                                                                                                                                                                                                                                                                                                                                                                                                                                                                                                                                                                                                                                                                                                                                                                                                                                                                                                     
VILLE                PAYS                
-------------------- --------------------
MARSEILLE            FRANCE              
ORLY-VILLE           FRANCE              
PARYS                FR                  
MARSEILLE            FRANC               
EPINAY-SUR-SEINE     FRANCE              
PARIS                                    
BRUXELLES            BELGIQUE            
PARIS                FRANCE              
VILLETANEUSE         FRANCE              
EPINAY-SUR-SEINE                         
EPINAY SUR SEINE     FRANCE              

11 lignes sélectionnées. 

Ecoulé : 00:00:00.122

View VERIFDF_VP créé(e).

Ecoulé : 00:00:00.011

ommand                                                                                                                                                                                                                                                                                                                                                                                                                                                                                        Requete:lesarticlesquisonttoujourscommand                                                                                                                                                                                                                                                                                                                                                                                                                                                                                               
emble skip 1        LEFT   =========================================================================                                                                                                                                                                                                                                                                                                                                                                                                                                                                                                                                                                                                                                                                                                                                                                                                                                                                                                                                  
0                                                                                                                                                                                                                                                                                                                                                                                                                                                                                                                                                                                                                                                                                                                                                                                                                                                                                                                                                                                                                                     
VILLE                       NBR
-------------------- ----------
BRUXELLES                     1
EPINAY SUR SEINE              1
EPINAY-SUR-SEINE              2
MARSEILLE                     2
ORLY-VILLE                    1
PARIS                         2
PARYS                         1
VILLETANEUSE                  1

8 lignes sélectionnées. 

Ecoulé : 00:00:00.094

ommand                                                                                                                                                                                                                                                                                                                                                                                                                                                                                        Requete:lesarticlesquisonttoujourscommand                                                                                                                                                                                                                                                                                                                                                                                                                                                                                               
emble skip 1        LEFT   =========================================================================                                                                                                                                                                                                                                                                                                                                                                                                                                                                                                                                                                                                                                                                                                                                                                                                                                                                                                                                  
0                                                                                                                                                                                                                                                                                                                                                                                                                                                                                                                                                                                                                                                                                                                                                                                                                                                                                                                                                                                                                                     
  MAXOCCUR
----------
         2

Ecoulé : 00:00:00.023

Elément Procedure NBRLIGTAB compilé

Erreurs : consulter le journal du compilateur
Ecoulé : 00:00:00.090

Erreur commençant à la ligne: 1 806 de la commande -
BEGIN NBRLIGTAB('TABCLIDS'); END;
Rapport d'erreur -
ORA-06550: line 1, column 62:
PLS-00905: object SYS.NBRLIGTAB is invalid
ORA-06550: line 1, column 62:
PL/SQL: Statement ignored
06550. 00000 -  "line %s, column %s:\n%s"
*Cause:    Usually a PL/SQL compilation error.
*Action:
Ecoulé : 00:00:00.027

Erreur commençant à la ligne: 1 807 de la commande -
BEGIN NBRLIGTAB('Clients'); END;
Rapport d'erreur -
ORA-06550: line 1, column 61:
PLS-00905: object SYS.NBRLIGTAB is invalid
ORA-06550: line 1, column 61:
PL/SQL: Statement ignored
06550. 00000 -  "line %s, column %s:\n%s"
*Cause:    Usually a PL/SQL compilation error.
*Action:
Ecoulé : 00:00:00.014

Elément Procedure NBRNULLTABCOL compilé

Erreurs : consulter le journal du compilateur
Ecoulé : 00:00:00.127

Erreur commençant à la ligne: 1 821 de la commande -
BEGIN NBRNULLTABCOL('Clients','telcli'); END;
Rapport d'erreur -
ORA-06550: line 1, column 112:
PLS-00905: object SYS.NBRNULLTABCOL is invalid
ORA-06550: line 1, column 112:
PL/SQL: Statement ignored
06550. 00000 -  "line %s, column %s:\n%s"
*Cause:    Usually a PL/SQL compilation error.
*Action:
Ecoulé : 00:00:00.012

Table TABCLIDS supprimé(e).

Ecoulé : 00:00:00.017

Table TABCLIDS créé(e).

Ecoulé : 00:00:00.008

1 ligne inséré.

Ecoulé : 00:00:00.002

1 ligne inséré.

Ecoulé : 00:00:00.001

1 ligne inséré.

Ecoulé : 00:00:00.002

1 ligne inséré.

Ecoulé : 00:00:00.002

1 ligne inséré.

Ecoulé : 00:00:00.002

1 ligne inséré.

Ecoulé : 00:00:00.002

1 ligne inséré.

Ecoulé : 00:00:00.001

1 ligne inséré.

Ecoulé : 00:00:00.003

1 ligne inséré.

Ecoulé : 00:00:00.001

1 ligne inséré.

Ecoulé : 00:00:00.002

1 ligne inséré.

Ecoulé : 00:00:00.002

1 ligne inséré.

Ecoulé : 00:00:00.002

1 ligne inséré.

Ecoulé : 00:00:00.002

1 ligne inséré.

Ecoulé : 00:00:00.001

1 ligne inséré.

Ecoulé : 00:00:00.002

1 ligne inséré.

Ecoulé : 00:00:00.002

1 ligne inséré.

Ecoulé : 00:00:00.001

1 ligne inséré.

Ecoulé : 00:00:00.002

1 ligne inséré.

Ecoulé : 00:00:00.002

1 ligne inséré.

Ecoulé : 00:00:00.002

1 ligne inséré.

Ecoulé : 00:00:00.002

1 ligne inséré.

Ecoulé : 00:00:00.002

1 ligne inséré.

Ecoulé : 00:00:00.002

1 ligne inséré.

Ecoulé : 00:00:00.003

1 ligne inséré.

Ecoulé : 00:00:00.001

1 ligne inséré.

Ecoulé : 00:00:00.001

1 ligne inséré.

Ecoulé : 00:00:00.001

1 ligne inséré.

Ecoulé : 00:00:00.002

1 ligne inséré.

Ecoulé : 00:00:00.002

1 ligne inséré.

Ecoulé : 00:00:00.002

1 ligne inséré.

Ecoulé : 00:00:00.001

1 ligne inséré.

Ecoulé : 00:00:00.001

1 ligne inséré.

Ecoulé : 00:00:00.002

1 ligne inséré.

Ecoulé : 00:00:00.002

1 ligne inséré.

Ecoulé : 00:00:00.001
Validation (commit) terminée.
Ecoulé : 00:00:00.002

ommand                                                                                                                                                                                                                                                                                                                                                                                                                                                                                        Requete:lesarticlesquisonttoujourscommand                                                                                                                                                                                                                                                                                                                                                                                                                                                                                               
emble skip 1        LEFT   =========================================================================                                                                                                                                                                                                                                                                                                                                                                                                                                                                                                                                                                                                                                                                                                                                                                                                                                                                                                                                  
0                                                                                                                                                                                                                                                                                                                                                                                                                                                                                                                                                                                                                                                                                                                                                                                                                                                                                                                                                                                                                                     
    NBRCLI
----------
        35

Ecoulé : 00:00:00.023

ommand                                                                                                                                                                                                                                                                                                                                                                                                                                                                                        Requete:lesarticlesquisonttoujourscommand                                                                                                                                                                                                                                                                                                                                                                                                                                                                                               
emble skip 1        LEFT   =========================================================================                                                                                                                                                                                                                                                                                                                                                                                                                                                                                                                                                                                                                                                                                                                                                                                                                                                                                                                                  
0                                                                                                                                                                                                                                                                                                                                                                                                                                                                                                                                                                                                                                                                                                                                                                                                                                                                                                                                                                                                                                     
COL1       COL2         COL3       COL4       C
---------- ------------ ---------- ---------- -
2994570    Madame       RAHMA      CLEMENCE   3
2996100    Monsieur     CLEMENCE   ALEXANDRE  1
3000107    MO NSIEUR    ONRI       PANDA      2
2997777    Mademoiselle LE BON     CLEMENTINE 1
299PPPP    Mlle         BON        CLEMENTINE 1
2997007    Monsieur     TRAIFOR    ADAM       2
2998500    Monsieur     CHEVALIER  INES       1
3000106    Monsieur     HARISSA    FORD       1
3000108    Madame       EDITE      FIAT       1
3000109    Madame       TOYOTA     JACKSON    3
3000111    Madame       GENEREUX   EVE        1
3001778    Mr           COURTOIS   Bruno      1
3001779    Monsieur     VANDERHOTE Ivan       1
3001780    Monsieur     Hollanda   Francis    1
3001781    Monsieur     Bernard    Hugues     1
3001782    Monsieur     LATIFOU    Ilyas      1
3001783    Madame       LALLEMAND  Ines       1
3001784    Monsieur     DEUTCH     Hans       1
3001785    Madame       ALMANI     Eve        1
3001786    Madame       MERQUELLE  Ange       1
3001       M.           LE BON     Adam       1
3001777    Mr           LE BON     Adem       1
3001777    Monsieur     LE BON     Adam       1
2998505    Mademoiselle TRAIFOR    ALICE      2
3000110    MADAME       ONRI       HONDA      2
3001777    Monsieur     LE BON     Adam       1
3001777    Monsieur     LE BON     Adam       1
3001777    Monsieur     LE BON     Adam        
3001777    Monsieur     LE BON     Adam       1
3001777    Monsieùr     LE BON     Adam       1
2994570    Madame       RAHMA      CLEMENCE   3
2994570    Madame       RAHMA      CLEMENCE   3
2994570    Madame       RAHMA      CLEMENSE   3
2997007                 TRAIFOR    ADAM       2
2997007                 TRAIFOR    ADAM        

35 lignes sélectionnées. 

Ecoulé : 00:00:00.783

Erreur commençant à la ligne: 1 904 de la commande -
SELECT COUNT(DISTINCT *) FROM TABCLIDS 
Erreur à la ligne de commande: 1 904 Colonne: 23
Rapport d'erreur -
Erreur SQL : ORA-00936: missing expression
00936. 00000 -  "missing expression"
*Cause:    
*Action:
Ecoulé : 00:00:00.010

ommand                                                                                                                                                                                                                                                                                                                                                                                                                                                                                        Requete:lesarticlesquisonttoujourscommand                                                                                                                                                                                                                                                                                                                                                                                                                                                                                               
emble skip 1        LEFT   =========================================================================                                                                                                                                                                                                                                                                                                                                                                                                                                                                                                                                                                                                                                                                                                                                                                                                                                                                                                                                  
0                                                                                                                                                                                                                                                                                                                                                                                                                                                                                                                                                                                                                                                                                                                                                                                                                                                                                                                                                                                                                                     
COL1       COL2         COL3       COL4       C
---------- ------------ ---------- ---------- -
2998500    Monsieur     CHEVALIER  INES       1
3000109    Madame       TOYOTA     JACKSON    3
3001786    Madame       MERQUELLE  Ange       1
3001777    Monsieur     LE BON     Adam       1
3000110    MADAME       ONRI       HONDA      2
2996100    Monsieur     CLEMENCE   ALEXANDRE  1
299PPPP    Mlle         BON        CLEMENTINE 1
3000106    Monsieur     HARISSA    FORD       1
3000111    Madame       GENEREUX   EVE        1
3001       M.           LE BON     Adam       1
3001777    Mr           LE BON     Adem       1
2997777    Mademoiselle LE BON     CLEMENTINE 1
3001784    Monsieur     DEUTCH     Hans       1
3001785    Madame       ALMANI     Eve        1
2994570    Madame       RAHMA      CLEMENCE   3
2997007    Monsieur     TRAIFOR    ADAM       2
3001778    Mr           COURTOIS   Bruno      1
3001779    Monsieur     VANDERHOTE Ivan       1
3001782    Monsieur     LATIFOU    Ilyas      1
2994570    Madame       RAHMA      CLEMENSE   3
2997007                 TRAIFOR    ADAM        
3001780    Monsieur     Hollanda   Francis    1
2997007                 TRAIFOR    ADAM       2
3000107    MO NSIEUR    ONRI       PANDA      2
3000108    Madame       EDITE      FIAT       1
3001777    Monsieur     LE BON     Adam        
3001781    Monsieur     Bernard    Hugues     1
3001783    Madame       LALLEMAND  Ines       1
2998505    Mademoiselle TRAIFOR    ALICE      2
3001777    Monsieùr     LE BON     Adam       1

30 lignes sélectionnées. 

Ecoulé : 00:00:00.691

Elément Procedure ELIMINE_DOUBLE compilé

Ecoulé : 00:00:00.026

Elément Procedure VUEARTICLEDUCLIENT compilé

Ecoulé : 00:00:00.020

Elément Procedure VUEARTICLEDESCLIENTS compilé

Ecoulé : 00:00:00.027

Elément Procedure VUEARTICLENONDESCLIENTS compilé

Ecoulé : 00:00:00.018

View V_CLIARTQTE créé(e).

Ecoulé : 00:00:00.008

ommand                                                                                                                                                                                                                                                                                                                                                                                                                                                                                        Requete:lesarticlesquisonttoujourscommand                                                                                                                                                                                                                                                                                                                                                                                                                                                                                               
emble skip 1        LEFT   =========================================================================                                                                                                                                                                                                                                                                                                                                                                                                                                                                                                                                                                                                                                                                                                                                                                                                                                                                                                                                  
0                                                                                                                                                                                                                                                                                                                                                                                                                                                                                                                                                                                                                                                                                                                                                                                                                                                                                                                                                                                                                                     
CLIENT     ARTICLE      QUANTITE
---------- ---------- ----------
C001       FB.001              8
C001       FB.002              3
C001       FB.003              1
C002       FB.001              1
C002       FB.002              1
C002       FB.003              1
C004       FB.002              3
C004       FB.003              3
C009       FB.001              5
C010       FB.001              1
C011       FB.001              2
C012       FB.001              7
C013       FB.001              3
C013       FB.002              1
C014       FB.001              2
C014       FB.002              1

16 lignes sélectionnées. 

Ecoulé : 00:00:00.311

View V_C001 créé(e).

Ecoulé : 00:00:00.006

View V_C002 créé(e).

Ecoulé : 00:00:00.006

View V_C003 créé(e).

Ecoulé : 00:00:00.013

View V_C006 créé(e).

Ecoulé : 00:00:00.007

View V_C001_C002_A créé(e).

Ecoulé : 00:00:00.007

ommand                                                                                                                                                                                                                                                                                                                                                                                                                                                                                        Requete:lesarticlesquisonttoujourscommand                                                                                                                                                                                                                                                                                                                                                                                                                                                                                               
emble skip 1        LEFT   =========================================================================                                                                                                                                                                                                                                                                                                                                                                                                                                                                                                                                                                                                                                                                                                                                                                                                                                                                                                                                  
0                                                                                                                                                                                                                                                                                                                                                                                                                                                                                                                                                                                                                                                                                                                                                                                                                                                                                                                                                                                                                                     
ARTICLE   
----------
FB.001
FB.002
FB.003

Ecoulé : 00:00:00.047

View V_C001_C002_A créé(e).

Ecoulé : 00:00:00.009

ommand                                                                                                                                                                                                                                                                                                                                                                                                                                                                                        Requete:lesarticlesquisonttoujourscommand                                                                                                                                                                                                                                                                                                                                                                                                                                                                                               
emble skip 1        LEFT   =========================================================================                                                                                                                                                                                                                                                                                                                                                                                                                                                                                                                                                                                                                                                                                                                                                                                                                                                                                                                                  
0                                                                                                                                                                                                                                                                                                                                                                                                                                                                                                                                                                                                                                                                                                                                                                                                                                                                                                                                                                                                                                     
ARTICLE   
----------
FB.001
FB.002
FB.003

Ecoulé : 00:00:00.061

View V_C001_C002_B créé(e).

Ecoulé : 00:00:00.010

View V_C001_C003_B créé(e).

Ecoulé : 00:00:00.008

ommand                                                                                                                                                                                                                                                                                                                                                                                                                                                                                        Requete:lesarticlesquisonttoujourscommand                                                                                                                                                                                                                                                                                                                                                                                                                                                                                               
emble skip 1        LEFT   =========================================================================                                                                                                                                                                                                                                                                                                                                                                                                                                                                                                                                                                                                                                                                                                                                                                                                                                                                                                                                  
0                                                                                                                                                                                                                                                                                                                                                                                                                                                                                                                                                                                                                                                                                                                                                                                                                                                                                                                                                                                                                                     
    NCOMM1
----------
         3

Ecoulé : 00:00:00.030
aucune ligne sélectionnée
Ecoulé : 00:00:00.008
aucune ligne sélectionnée
Ecoulé : 00:00:00.011
Validation (commit) terminée.
Ecoulé : 00:00:00.004
