=========================================================
=========================================================

=========================================================
|                                                       |
|     Exercice 1 :  BD GESCOMI avec SQL 2               |
|                                                       |
=========================================================


=========================================================
Ceci permet d initialiser le type de la date
=========================================================

Session modifiée.

=========================================================
Destruction des tables de la bd GESCOMI EN SQL 2
=========================================================


Table supprimée.


Table supprimée.


Table supprimée.


Table supprimée.


Tapez sur Enter...


=========================================================
Crï¿½ation des tables de la bd GESCOMI EN SQL 2
=========================================================

=========================================================
>> Table : CLIENTS2
=========================================================


Table créée.


Tapez sur Enter...


=========================================================
>> Table : COMMANDES2
=========================================================


Table créée.


Tapez sur Enter...


=========================================================
>> Table : ARTICLES2
=========================================================


Table créée.


Tapez sur Enter...


=========================================================
>> Table : DETAILCOM2
=========================================================


Table créée.


Tapez sur Enter...


=====================================================================
Insertion des donnï¿½es de la bd GESCOMI EN SQL 2 POUR UN MAGASIN donnï¿½
=====================================================================

=========================================================
>> Insertion dans la Table : CLIENTS2
=========================================================


1 ligne créée.


1 ligne créée.


1 ligne créée.


1 ligne créée.


1 ligne créée.


1 ligne créée.


1 ligne créée.


1 ligne créée.


1 ligne créée.


1 ligne créée.


1 ligne créée.


1 ligne créée.


1 ligne créée.


1 ligne créée.


Tapez sur Enter...


=========================================================
>> Insertion dans la Table : COMMANDES2
=========================================================


1 ligne créée.


1 ligne créée.


1 ligne créée.


1 ligne créée.


1 ligne créée.


1 ligne créée.

VALUES ('20031FB', 'C001', 'VENDREDI 14-fï¿½vrier-2003')
                           *
ERREUR à la ligne 2 :
ORA-01843: ce n'est pas un mois valide 



1 ligne créée.


1 ligne créée.


1 ligne créée.


1 ligne créée.


1 ligne créée.


1 ligne créée.


1 ligne créée.

VALUES ('20061FB', 'C010', 'vendredi 14-fï¿½vrier-2003')
                           *
ERREUR à la ligne 2 :
ORA-01843: ce n'est pas un mois valide 


VALUES ('20062FB', 'C009', 'vendredi 14-fï¿½vrier-2003')
                           *
ERREUR à la ligne 2 :
ORA-01843: ce n'est pas un mois valide 


VALUES ('20065FB', 'C007', 'vendredi 14-fï¿½vrier-2003')
                           *
ERREUR à la ligne 2 :
ORA-01843: ce n'est pas un mois valide 


VALUES ('20066FB', 'C002', 'vendredi 14-fï¿½vrier-2003')
                           *
ERREUR à la ligne 2 :
ORA-01843: ce n'est pas un mois valide 


VALUES ('20067FB', 'C002', 'vendredi 14-fï¿½vrier-2003')
                           *
ERREUR à la ligne 2 :
ORA-01843: ce n'est pas un mois valide 


VALUES ('20068FB', 'C002', 'vendredi 14-fï¿½vrier-2003')
                           *
ERREUR à la ligne 2 :
ORA-01843: ce n'est pas un mois valide 



1 ligne créée.


1 ligne créée.


1 ligne créée.


1 ligne créée.


1 ligne créée.


1 ligne créée.


Tapez sur Enter...


=========================================================
>> Insertion dans la Table : ARTICLES2
=========================================================


1 ligne créée.


1 ligne créée.


1 ligne créée.


1 ligne créée.


1 ligne créée.


1 ligne créée.


1 ligne créée.


1 ligne créée.


1 ligne créée.


1 ligne créée.


1 ligne créée.


1 ligne créée.


1 ligne créée.


1 ligne créée.


1 ligne créée.


1 ligne créée.


1 ligne créée.


1 ligne créée.


1 ligne créée.


1 ligne créée.


1 ligne créée.


1 ligne créée.


1 ligne créée.


1 ligne créée.


1 ligne créée.


1 ligne créée.


1 ligne créée.


1 ligne créée.


1 ligne créée.


1 ligne créée.


Tapez sur Enter...


=========================================================
>> Insertion dans la Table : DETAILCOM2
=========================================================


1 ligne créée.


1 ligne créée.


1 ligne créée.


1 ligne créée.


1 ligne créée.


1 ligne créée.


1 ligne créée.


1 ligne créée.


1 ligne créée.


1 ligne créée.


1 ligne créée.


1 ligne créée.


1 ligne créée.


1 ligne créée.


1 ligne créée.


1 ligne créée.

INSERT INTO DETAILCOM2 (NUMCOM, REFART, QTCOM, PUART, REMISE)
*
ERREUR à la ligne 1 :
ORA-02291: violation de contrainte d'intégrité 
(M2EID_20.FK_DETAIL2_NUMCOM_COM2) - clé parent introuvable 


INSERT INTO DETAILCOM2 (NUMCOM, REFART, QTCOM, PUART, REMISE)
*
ERREUR à la ligne 1 :
ORA-02291: violation de contrainte d'intégrité 
(M2EID_20.FK_DETAIL2_NUMCOM_COM2) - clé parent introuvable 


INSERT INTO DETAILCOM2 (NUMCOM, REFART, QTCOM, PUART, REMISE)
*
ERREUR à la ligne 1 :
ORA-02291: violation de contrainte d'intégrité 
(M2EID_20.FK_DETAIL2_NUMCOM_COM2) - clé parent introuvable 



1 ligne créée.


1 ligne créée.


1 ligne créée.


1 ligne créée.


1 ligne créée.


1 ligne créée.


1 ligne créée.


1 ligne créée.


1 ligne créée.


1 ligne créée.


1 ligne créée.


1 ligne créée.


1 ligne créée.


1 ligne créée.


1 ligne créée.

INSERT INTO DETAILCOM2(NUMCOM, REFART, QTCOM, PUART, REMISE)
*
ERREUR à la ligne 1 :
ORA-02291: violation de contrainte d'intégrité 
(M2EID_20.FK_DETAIL2_NUMCOM_COM2) - clé parent introuvable 


INSERT INTO DETAILCOM2(NUMCOM, REFART, QTCOM, PUART, REMISE)
*
ERREUR à la ligne 1 :
ORA-02291: violation de contrainte d'intégrité 
(M2EID_20.FK_DETAIL2_NUMCOM_COM2) - clé parent introuvable 


INSERT INTO DETAILCOM2(NUMCOM, REFART, QTCOM, PUART, REMISE)
*
ERREUR à la ligne 1 :
ORA-02291: violation de contrainte d'intégrité 
(M2EID_20.FK_DETAIL2_NUMCOM_COM2) - clé parent introuvable 


INSERT INTO DETAILCOM2(NUMCOM, REFART, QTCOM, PUART, REMISE)
*
ERREUR à la ligne 1 :
ORA-02291: violation de contrainte d'intégrité 
(M2EID_20.FK_DETAIL2_NUMCOM_COM2) - clé parent introuvable 


INSERT INTO DETAILCOM2(NUMCOM, REFART, QTCOM, PUART, REMISE)
*
ERREUR à la ligne 1 :
ORA-02291: violation de contrainte d'intégrité 
(M2EID_20.FK_DETAIL2_NUMCOM_COM2) - clé parent introuvable 


INSERT INTO DETAILCOM2(NUMCOM, REFART, QTCOM, PUART, REMISE)
*
ERREUR à la ligne 1 :
ORA-02291: violation de contrainte d'intégrité 
(M2EID_20.FK_DETAIL2_NUMCOM_COM2) - clé parent introuvable 



1 ligne créée.


1 ligne créée.


1 ligne créée.


1 ligne créée.


1 ligne créée.


1 ligne créée.

=========================================================
Validation des insertions dans la bd GESCOMI EN SQL 2
=========================================================

Validation effectuée.


Tapez sur Enter...


=========================================================
Affichage des tables de la bd GESCOM EN SQL 2
=========================================================

CODCLI CIVCLI   NOMCLI   PRENCLI  CATCLI ADNCLI ADRCLI     CPCLI VILCLI PAYSCLI 
------ -------- -------- -------- ------ ------ ---------- ----- ------ ------- 
MAILCLI                                                                         
------------------------------                                                  
C001   Madame   CLEMENT  EVE           1 18     BOULEVARD  91000 EPINAY FRANCE  
                                                FOCH              SUR O         
                                                                 RGE            
eve.clement@gmail.com                                                           
                                                                                
C002   Madame   LESEUL   MARIE         1 21     AVENUE D I 75013 PARIS  FRANCE  
                                                TALIE                           
marieleseul@yahoo.fr                                                            
                                                                                

CODCLI CIVCLI   NOMCLI   PRENCLI  CATCLI ADNCLI ADRCLI     CPCLI VILCLI PAYSCLI 
------ -------- -------- -------- ------ ------ ---------- ----- ------ ------- 
MAILCLI                                                                         
------------------------------                                                  
C003   Madame   UNIQUE   MARINE        2 77     RUE DE LA  13001 MARSEI FRANCE  
                                                LIBERTE          LLE            
munique@gmail.com                                                               
                                                                                
C004   Madame   CLEMENCE EVELYNE       3 8 BIS  BOULEVARD  93800 EPINAY FRANCE  
                                                FOCH              SUR S         
                                                                 EINE           
clemence evelyne@gmail.com                                                      
                                                                                

CODCLI CIVCLI   NOMCLI   PRENCLI  CATCLI ADNCLI ADRCLI     CPCLI VILCLI PAYSCLI 
------ -------- -------- -------- ------ ------ ---------- ----- ------ ------- 
MAILCLI                                                                         
------------------------------                                                  
C005   Madame   FORT     JEANNE        3 55     RUE DU JAP 94310 ORLY V FRANCE  
                                                ON               ILLE           
jfort\@hotmail.fr                                                               
                                                                                
C006   Mademois LE BON   CLEMENCE      1 18     BOULEVARD  93800 EPINAY FRANCE  
       elle                                     FOCH              SUR S         
                                                                 EINE           
clemence.le bon@cfo.fr                                                          
                                                                                

CODCLI CIVCLI   NOMCLI   PRENCLI  CATCLI ADNCLI ADRCLI     CPCLI VILCLI PAYSCLI 
------ -------- -------- -------- ------ ------ ---------- ----- ------ ------- 
MAILCLI                                                                         
------------------------------                                                  
C007   Mademois TRAIFOR  ALICE         2 6      RUE DE LA  75015 PARIS  FRANCE  
       elle                                     ROSIERE                         
alice.traifor@yahoo.fr                                                          
                                                                                
C008   Monsieur VIVANT   JEAN-BAP      1 13     RUE DE LA  93800 EPINAY FRANCE  
                         TISTE                  PAIX              SUR S         
                                                                 EINE           
jeanbaptiste@                                                                   
                                                                                

CODCLI CIVCLI   NOMCLI   PRENCLI  CATCLI ADNCLI ADRCLI     CPCLI VILCLI PAYSCLI 
------ -------- -------- -------- ------ ------ ---------- ----- ------ ------- 
MAILCLI                                                                         
------------------------------                                                  
C009   Monsieur CLEMENCE ALEXANDR      1 5      RUE DE BEL 75019 PARIS  FRANCE  
                         E                      LEVILLE                         
alexandre.clemence@up13.fr                                                      
                                                                                
C010   Monsieur TRAIFOR  ALEXANDR      1 16     AVENUE FOC 75016 PARIS  FRANCE  
                         E                      H                               
alexandre.traifor@up13.fr                                                       
                                                                                
C011   Monsieur PREMIER  JOSEPH        2 77     RUE DE LA  13001 MARSEI FRANCE  

CODCLI CIVCLI   NOMCLI   PRENCLI  CATCLI ADNCLI ADRCLI     CPCLI VILCLI PAYSCLI 
------ -------- -------- -------- ------ ------ ---------- ----- ------ ------- 
MAILCLI                                                                         
------------------------------                                                  
                                                LIBERTE          LLE            
josef@premier                                                                   
                                                                                
C012   Monsieur CLEMENT  ADAM          2 13     AVENUE JEA 9430  VILLET FRANCE  
                                                N BAPTISTE       ANEUSE         
                                                 CLEMENT                        
adam.clement@gmail.com                                                          
                                                                                
C013   Monsieur FORT     GABRIEL       5 1      AVENUE DE  99000 TUNIS  TUNISIE 

CODCLI CIVCLI   NOMCLI   PRENCLI  CATCLI ADNCLI ADRCLI     CPCLI VILCLI PAYSCLI 
------ -------- -------- -------- ------ ------ ---------- ----- ------ ------- 
MAILCLI                                                                         
------------------------------                                                  
                                                CARTAGE                         
gabriel.fort@yahoo.fr                                                           
                                                                                
C014   Monsieur ADAM     DAVID         5 1      AVENUE DE  99001 ROME   ITALIE  
                                                ROME                            
david.adamï¿½@gmail com                                                         
                                                                                

14 lignes sélectionnées.


Tapez sur Enter...



NUMCOM     CODCLI DATCOM                                                        
---------- ------ ----------------------------                                  
20001AB    C012   DIMANCHE 17-SEPTEMBRE-2000                                    
20002AB    C001   DIMANCHE 17-SEPTEMBRE-2000                                    
20003AB    C006   LUNDI    16-OCTOBRE  -2000                                    
20004AB    C006   MARDI    24-OCTOBRE  -2000                                    
20011RB    C012   LUNDI    22-JANVIER  -2001                                    
20012RB    C012   MARDI    13-MARS     -2001                                    
20051FB    C003   VENDREDI 07-JANVIER  -2005                                    
20052FB    C003   MERCREDI 12-JANVIER  -2005                                    
20053FB    C012   JEUDI    10-MARS     -2005                                    
20054FB    C007   LUNDI    14-MARS     -2005                                    
20055FB    C012   VENDREDI 11-MARS     -2005                                    

NUMCOM     CODCLI DATCOM                                                        
---------- ------ ----------------------------                                  
20056FB    C013   LUNDI    14-MARS     -2005                                    
20057FB    C014   VENDREDI 11-MARS     -2005                                    
20069FB    C002   MARDI    30-JANVIER  -2007                                    
20070FB    C002   MARDI    30-JANVIER  -2007                                    
20071FB    C013   MARDI    30-JANVIER  -2007                                    
20072FB    C013   MARDI    30-JANVIER  -2007                                    
20073FB    C014   MARDI    30-JANVIER  -2007                                    
20074FB    C014   MARDI    30-JANVIER  -2007                                    

19 lignes sélectionnées.


Tapez sur Enter...



REFART   NOMART                      PVART QSART   PAART                        
-------- ------------------------- ------- ----- -------                        
F1.001   SIEGE DE TABLE              35.00    10   26.43                        
F1.002   CASQUE CYCLISTE PROTECTIO   27.00    20   20.00                        
         N                                                                      
                                                                                
F1.003   BONNET PARE-CHOCS           10.71   ###    5.71                        
F1.004   STORE DE PROTECTION          7.43     5    4.29                        
F1.005   COINS DE PROTECTION          4.00   ###    1.71                        
F1.006   CACHE PRISE DE COURANT       2.29   ###     .71                        
F1.007   BLOQUE PORTE                 5.00     4    2.29                        
F1.008   BANDE DE FERMETURE           3.29     4    1.71                        
F1.009   PROTECTION DE FOUR          37.86    10   26.43                        

REFART   NOMART                      PVART QSART   PAART                        
-------- ------------------------- ------- ----- -------                        
F1.010   PROTECTION DE CUISINIERE    30.71    10   22.86                        
F1.011   BABY PHONE                  80.71     3   45.71                        
F1.012   BRETELLE DE SECURITE        15.57     8   11.43                        
F1.013   HAUSSE-CHAISE               42.71     1   25.43                        
F1.014   COUVRE ROBINETTERIE          7.86    12    4.29                        
F2.001   BARRIERE DE PORTE, EN BOI   32.71     2   25.71                        
         S                                                                      
                                                                                
F2.002   BARRIERE DE PORTE, EN MET   49.14     3   28.43                        
         AL                                                                     
                                                                                

REFART   NOMART                      PVART QSART   PAART                        
-------- ------------------------- ------- ----- -------                        
F2.003   BARRIERE DE LIT             23.71    10   15.71                        
F2.004   PORTE-BEBE                  44.86     6   34.29                        
F2.005   SIEGE-AUTO COSMOS          126.86     2   71.43                        
F2.006   SIEGE-AUTO EUROSEAT        121.29     2   71.43                        
FB.001   DVD-SPIRIT                  24.90     2   12.00                        
FB.002   DVD-SPIDER MAN              24.90     2   12.00                        
FB.003   DVD-SPIDER MAN 2            24.90     2   12.00                        
WD.001   K7 VIDEO-TOY STORY          21.29    10    9.29                        
WD.002   DVD-TOY STORY 2             34.29    10   12.14                        
WD.003   K7 VIDEO-WINNIE L OURSON    22.86     5    9.29                        
WD.004   DVD-FRERES DES OURS         35.00     3   13.00                        

REFART   NOMART                      PVART QSART   PAART                        
-------- ------------------------- ------- ----- -------                        
WD.005   K7 VIDEO-LE ROI LION        30.00     1   13.00                        
WD.006   K7 VIDEO-LE ROI LION 2      30.00     4   13.00                        
WD.007   K7 VIDEO-LE ROI LION 3      30.00     3   13.00                        

30 lignes sélectionnées.


Tapez sur Enter...



NUMCOM     REFART   QTCOM   PUART  REMISE                                       
---------- -------- ----- ------- -------                                       
20001AB    F1.001       2   35.00    2.50                                       
20001AB    F1.003       4   10.71    3.00                                       
20001AB    F1.013       2   49.14     .00                                       
20001AB    WD.001       1   21.29     .00                                       
20002AB    F1.001       2   33.00    3.00                                       
20002AB    WD.001       1   21.29     .00                                       
20002AB    WD.002       1   34.29     .00                                       
20002AB    WD.003       1   22.86     .00                                       
20003AB    FB.001       5   21.00    4.00                                       
20003AB    WD.002       1   34.29     .00                                       
20003AB    WD.003       1   22.86     .00                                       

NUMCOM     REFART   QTCOM   PUART  REMISE                                       
---------- -------- ----- ------- -------                                       
20004AB    F1.008       2    3.29    3.50                                       
20004AB    WD.001       1   21.29    2.50                                       
20012RB    F1.007       5    5.00    3.00                                       
20012RB    F1.009       1   37.86     .00                                       
20012RB    FB.003       5   24.00     .00                                       
20051FB    F1.008       2    3.29     .00                                       
20051FB    FB.001       5   21.00    4.00                                       
20052FB    F1.001       2   35.00     .00                                       
20052FB    F1.003       4   10.71     .00                                       
20052FB    F1.013       2   49.14    3.50                                       
20052FB    WD.001       1   21.29     .00                                       

NUMCOM     REFART   QTCOM   PUART  REMISE                                       
---------- -------- ----- ------- -------                                       
20052FB    WD.003       1   22.86     .00                                       
20053FB    WD.003       1   22.86     .00                                       
20054FB    WD.003       1   22.86     .00                                       
20055FB    F1.008       5    3.29     .00                                       
20055FB    F1.009       1   37.86     .00                                       
20055FB    F1.011       2   80.71     .00                                       
20055FB    F2.001       1   30.71     .00                                       
20056FB    F1.011       2   80.71     .00                                       
20057FB    F2.001       1   30.71     .00                                       
20069FB    FB.001      25   58.00     .00                                       
20070FB    FB.001      50   24.00     .00                                       

NUMCOM     REFART   QTCOM   PUART  REMISE                                       
---------- -------- ----- ------- -------                                       
20071FB    FB.001      37   27.90     .00                                       
20072FB    FB.001       8   34.00     .00                                       
20073FB    FB.001      35   15.50     .00                                       
20074FB    FB.001      12   19.99     .00                                       

37 lignes sélectionnées.


Tapez sur Enter...


=========================================================
FB-A : Requetes sur la bd GESCOM EN SQL 2 : A1, A2, ... E6, E7
=========================================================

=========================================================
FB-B : Requetes sur la bd GESCOM EN SQL 2
=========================================================


NUMCOM     REFART   QTCOM   PUART  REMISE                                       
---------- -------- ----- ------- -------                                       
20001AB    F1.001       2   35.00    2.50                                       
20001AB    F1.003       4   10.71    3.00                                       
20001AB    F1.013       2   49.14     .00                                       
20001AB    WD.001       1   21.29     .00                                       
20002AB    F1.001       2   33.00    3.00                                       
20002AB    WD.001       1   21.29     .00                                       
20002AB    WD.002       1   34.29     .00                                       
20002AB    WD.003       1   22.86     .00                                       
20003AB    FB.001       5   21.00    4.00                                       
20003AB    WD.002       1   34.29     .00                                       
20003AB    WD.003       1   22.86     .00                                       

NUMCOM     REFART   QTCOM   PUART  REMISE                                       
---------- -------- ----- ------- -------                                       
20004AB    F1.008       2    3.29    3.50                                       
20004AB    WD.001       1   21.29    2.50                                       
20012RB    F1.007       5    5.00    3.00                                       
20012RB    F1.009       1   37.86     .00                                       
20012RB    FB.003       5   24.00     .00                                       
20051FB    F1.008       2    3.29     .00                                       
20051FB    FB.001       5   21.00    4.00                                       
20052FB    F1.001       2   35.00     .00                                       
20052FB    F1.003       4   10.71     .00                                       
20052FB    F1.013       2   49.14    3.50                                       
20052FB    WD.001       1   21.29     .00                                       

NUMCOM     REFART   QTCOM   PUART  REMISE                                       
---------- -------- ----- ------- -------                                       
20052FB    WD.003       1   22.86     .00                                       
20053FB    WD.003       1   22.86     .00                                       
20054FB    WD.003       1   22.86     .00                                       
20055FB    F1.008       5    3.29     .00                                       
20055FB    F1.009       1   37.86     .00                                       
20055FB    F1.011       2   80.71     .00                                       
20055FB    F2.001       1   30.71     .00                                       
20056FB    F1.011       2   80.71     .00                                       
20057FB    F2.001       1   30.71     .00                                       
20069FB    FB.001      25   58.00     .00                                       
20070FB    FB.001      50   24.00     .00                                       

NUMCOM     REFART   QTCOM   PUART  REMISE                                       
---------- -------- ----- ------- -------                                       
20071FB    FB.001      37   27.90     .00                                       
20072FB    FB.001       8   34.00     .00                                       
20073FB    FB.001      35   15.50     .00                                       
20074FB    FB.001      12   19.99     .00                                       

37 lignes sélectionnées.

=========================================================
>> Requete A01. Les Noms des clients (Avec ï¿½ventuellement des doublons)
=========================================================


NOMCLI                                                                          
--------                                                                        
CLEMENT                                                                         
LESEUL                                                                          
UNIQUE                                                                          
CLEMENCE                                                                        
FORT                                                                            
LE BON                                                                          
TRAIFOR                                                                         
VIVANT                                                                          
CLEMENCE                                                                        
TRAIFOR                                                                         
PREMIER                                                                         

NOMCLI                                                                          
--------                                                                        
CLEMENT                                                                         
FORT                                                                            
ADAM                                                                            

14 lignes sélectionnées.

Ecoulé : 00 :00 :00.01
=========================================================
>> Requete A02. Les Noms des clients (Sans les doublons)
=========================================================


NOMCLI                                                                          
--------                                                                        
LE BON                                                                          
VIVANT                                                                          
UNIQUE                                                                          
PREMIER                                                                         
CLEMENT                                                                         
CLEMENCE                                                                        
FORT                                                                            
TRAIFOR                                                                         
ADAM                                                                            
LESEUL                                                                          

10 lignes sélectionnées.

Ecoulé : 00 :00 :00.00
=========================================================
>> Requete : Chiffre d affaires par pays
=========================================================


          Requete: permet de determiner le chiffre d affaires par pays          
=========================================================================       
PAYSCLI CHIFFRE_AFFAIRES                                                        
------- ----------------                                                        
TUNISIE          1465,72                                                        
FRANCE        4040,37245                                                        
ITALIE            813,09                                                        

Ecoulé : 00 :00 :00.02

Tapez sur Enter...


=====================================================================
>> Requete : Articles commandï¿½s toujours en quantitï¿½ > 5
=====================================================================


    Requete: les articles toujours commandï¿½s en quantitï¿½ superieure ï¿½ 5   
=========================================================================       
NUMCOM     REFART   NOMART                                                      
---------- -------- -------------------------                                   
20074FB    FB.001   DVD-SPIRIT                                                  
20073FB    FB.001   DVD-SPIRIT                                                  
20072FB    FB.001   DVD-SPIRIT                                                  
20071FB    FB.001   DVD-SPIRIT                                                  
20070FB    FB.001   DVD-SPIRIT                                                  
20069FB    FB.001   DVD-SPIRIT                                                  

6 lignes sélectionnées.

Ecoulé : 00 :00 :00.01

Tapez sur Enter...


=====================================================================
>> Requete : Articles sans remise depuis le 1er janvier 2005
=====================================================================


            Requete: Articles sans remise depuis le 1er janvier 2005            
=========================================================================       
NUMCOM     REFART   NOMART                                                      
---------- -------- -------------------------                                   
20052FB    F1.001   SIEGE DE TABLE                                              
20052FB    F1.003   BONNET PARE-CHOCS                                           
20055FB    F1.008   BANDE DE FERMETURE                                          
20051FB    F1.008   BANDE DE FERMETURE                                          
20055FB    F1.009   PROTECTION DE FOUR                                          
20056FB    F1.011   BABY PHONE                                                  
20055FB    F1.011   BABY PHONE                                                  
20057FB    F2.001   BARRIERE DE PORTE, EN BOI                                   
                    S                                                           
                                                                                

            Requete: Articles sans remise depuis le 1er janvier 2005            
=========================================================================       
NUMCOM     REFART   NOMART                                                      
---------- -------- -------------------------                                   
20055FB    F2.001   BARRIERE DE PORTE, EN BOI                                   
                    S                                                           
                                                                                
20074FB    FB.001   DVD-SPIRIT                                                  
20073FB    FB.001   DVD-SPIRIT                                                  
20072FB    FB.001   DVD-SPIRIT                                                  
20071FB    FB.001   DVD-SPIRIT                                                  
20070FB    FB.001   DVD-SPIRIT                                                  
20069FB    FB.001   DVD-SPIRIT                                                  
20052FB    WD.001   K7 VIDEO-TOY STORY                                          

            Requete: Articles sans remise depuis le 1er janvier 2005            
=========================================================================       
NUMCOM     REFART   NOMART                                                      
---------- -------- -------------------------                                   
20054FB    WD.003   K7 VIDEO-WINNIE L OURSON                                    
20053FB    WD.003   K7 VIDEO-WINNIE L OURSON                                    
20052FB    WD.003   K7 VIDEO-WINNIE L OURSON                                    

19 lignes sélectionnées.

Ecoulé : 00 :00 :00.01

Tapez sur Enter...


=====================================================================
>> Requete : Articles commandï¿½s par tous les parisiens
=====================================================================


aucune ligne sélectionnée

Ecoulé : 00 :00 :00.01

Tapez sur Enter...


=========================================================
>> Requete : Trigger sur la mise a jour des prix EN SQL 2
=========================================================


=========================================================
Il est nï¿½cessaire de crï¿½er une table HISTORIQUE_PRIX qui permet
de garder le prix des articles avant leurs mises ï¿½ jour.
C est une table qui aura comme colonne la rï¿½fï¿½rence, le nom, le prix
d achat, le prix de vente (prix catalogue) de l article avant la mise
ï¿½ jour et la date de la mise ï¿½ jour.
=========================================================


Table supprimée.

Ecoulé : 00 :00 :00.05

Table créée.

Ecoulé : 00 :00 :00.04

Tapez sur Enter...


=========================================================
Suppression et crï¿½ation du trigger = dï¿½clencheur.
=========================================================

DROP TRIGGER MAJ_PRIX_ARTICLES2
*
ERREUR à la ligne 1 :
ORA-04080: déclencheur 'MAJ_PRIX_ARTICLES2' n'existe pas 


Ecoulé : 00 :00 :00.00

Déclencheur créé.

Ecoulé : 00 :00 :00.05

Tapez sur Enter...


=========================================================
Exemple avec 2 insertions et 2 mises ï¿½ jour dans la table ARTICLES2
=========================================================


0 lignes supprimées.

Ecoulé : 00 :00 :00.00

1 ligne créée.

Ecoulé : 00 :00 :00.01

0 lignes supprimées.

Ecoulé : 00 :00 :00.00

1 ligne créée.

Ecoulé : 00 :00 :00.00

Tapez sur Enter...


=========================================================
Visualisation des 2 articles insï¿½rï¿½s dans ARTICLES2
=========================================================

             Visualisation des 2 articles insï¿½rï¿½s dans ARTICLES2            
=========================================================================       
REFART NOMART                     PVART QSART  PAART                            
------ ------------------------- ------ ----- ------                            
WD.010 K7 VIDEO-Exemple de k7     30.00     3  13.00                            
WD.011 Exemple de DVD             25.00     5  10.00                            

Ecoulé : 00 :00 :00.00

Tapez sur Enter...


=========================================================
MAJ des 2 articles dans ARTICLES2
=========================================================


1 ligne mise à jour.

Ecoulé : 00 :00 :00.01

1 ligne mise à jour.

Ecoulé : 00 :00 :00.00

Tapez sur Enter...


=====================================================================
Visualisation des 2 articles MAJ dans ARTICLES2
=====================================================================


                 Visualisation des 2 articles MAJ dans ARTICLES2                
=========================================================================       
REFART NOMART                     PVART QSART  PAART                            
------ ------------------------- ------ ----- ------                            
WD.010 K7 VIDEO-Exemple de k7     45.00     3  15.00                            
WD.011 Exemple de DVD              2.00     5  10.00                            

Ecoulé : 00 :00 :00.00

Tapez sur Enter...


=====================================================================
Visualisation de la table HISTORIQUE_PRIX
=====================================================================


                    Visualisation de la table HISTORIQUE_PRIX                   
=========================================================================       
REFART NOMART                     PVART  PAART DATMAJ                           
------ ------------------------- ------ ------ --------------------------       
WD.010 K7 VIDEO-Exemple de k7     30.00  13.00 VENDREDI 28-SEPTEMBRE-2018       
WD.011 Exemple de DVD             25.00  10.00 VENDREDI 28-SEPTEMBRE-2018       

Ecoulé : 00 :00 :00.00

Tapez sur Enter...


=====================================================================
>> Requete : Procedure PL/SQL => vï¿½rification cohï¿½rence de la BD
=====================================================================

=====================================================================
Suppression et crï¿½ation de la procï¿½dure COHERENCE_BD
=====================================================================


Procédure supprimée.

Ecoulé : 00 :00 :00.09

Procédure créée.

Ecoulé : 00 :00 :00.05

Tapez sur Enter...


=====================================================================
Execution de la procï¿½dure COHERENCE_BD
=====================================================================

Le(s) numï¿½ro(s) de commande vide(s) sont :                                    
-  20011RB                                                                      

Procédure PL/SQL terminée avec succès.

Ecoulé : 00 :00 :00.00

Tapez sur Enter...


=====================================================================
>> Requete  : Articles toujours commandï¿½s ensemble
=====================================================================


Validation effectuée.

Ecoulé : 00 :00 :00.00
